{
  "/home/zeze/Documentos/personal/testes/teste-andrew/src/lib/utils.ts": {
    "path": "/home/zeze/Documentos/personal/testes/teste-andrew/src/lib/utils.ts",
    "statementMap": {
      "0": {
        "start": {
          "line": 4,
          "column": 2
        },
        "end": {
          "line": 4,
          "column": 31
        }
      }
    },
    "fnMap": {
      "0": {
        "name": "cn",
        "decl": {
          "start": {
            "line": 3,
            "column": 16
          },
          "end": {
            "line": 3,
            "column": 18
          }
        },
        "loc": {
          "start": {
            "line": 3,
            "column": 30
          },
          "end": {
            "line": 5,
            "column": 1
          }
        },
        "line": 3
      }
    },
    "branchMap": {},
    "s": {
      "0": 271
    },
    "f": {
      "0": 271
    },
    "b": {},
    "inputSourceMap": {
      "version": 3,
      "sources": [
        "/home/zeze/Documentos/personal/testes/teste-andrew/src/lib/utils.ts"
      ],
      "mappings": "AAAA,SAA0B,YAAY;AACtC,SAAS,eAAe;AAEjB,gBAAS,MAAM,QAAsB;AAC1C,SAAO,QAAQ,KAAK,MAAM,CAAC;AAC7B;",
      "names": []
    },
    "_coverageSchema": "1a1c01bbd47fc00a2c39e90264f33305004495a9",
    "hash": "de894604f1e65662a68fb6eb3069b8c268655e5d"
  },
  "/home/zeze/Documentos/personal/testes/teste-andrew/src/components/ui/button/Button.vue": {
    "path": "/home/zeze/Documentos/personal/testes/teste-andrew/src/components/ui/button/Button.vue",
    "statementMap": {
      "0": {
        "start": {
          "line": 5,
          "column": 34
        },
        "end": {
          "line": 27,
          "column": 2
        }
      },
      "1": {
        "start": {
          "line": 15,
          "column": 4
        },
        "end": {
          "line": 15,
          "column": 15
        }
      },
      "2": {
        "start": {
          "line": 16,
          "column": 18
        },
        "end": {
          "line": 16,
          "column": 25
        }
      },
      "3": {
        "start": {
          "line": 17,
          "column": 25
        },
        "end": {
          "line": 23,
          "column": 7
        }
      },
      "4": {
        "start": {
          "line": 18,
          "column": 6
        },
        "end": {
          "line": 18,
          "column": 16
        }
      },
      "5": {
        "start": {
          "line": 20,
          "column": 6
        },
        "end": {
          "line": 20,
          "column": 23
        }
      },
      "6": {
        "start": {
          "line": 22,
          "column": 6
        },
        "end": {
          "line": 22,
          "column": 28
        }
      },
      "7": {
        "start": {
          "line": 24,
          "column": 4
        },
        "end": {
          "line": 24,
          "column": 95
        }
      },
      "8": {
        "start": {
          "line": 25,
          "column": 4
        },
        "end": {
          "line": 25,
          "column": 24
        }
      },
      "9": {
        "start": {
          "line": 30,
          "column": 2
        },
        "end": {
          "line": 40,
          "column": 37
        }
      },
      "10": {
        "start": {
          "line": 35,
          "column": 28
        },
        "end": {
          "line": 37,
          "column": 5
        }
      },
      "11": {
        "start": {
          "line": 42,
          "column": 0
        },
        "end": {
          "line": 42,
          "column": 31
        }
      },
      "12": {
        "start": {
          "line": 43,
          "column": 0
        },
        "end": {
          "line": 43,
          "column": 109
        }
      },
      "13": {
        "start": {
          "line": 44,
          "column": 0
        },
        "end": {
          "line": 46,
          "column": 3
        }
      },
      "14": {
        "start": {
          "line": 45,
          "column": 2
        },
        "end": {
          "line": 45,
          "column": 42
        }
      },
      "15": {
        "start": {
          "line": 47,
          "column": 0
        },
        "end": {
          "line": 55,
          "column": 3
        }
      },
      "16": {
        "start": {
          "line": 48,
          "column": 2
        },
        "end": {
          "line": 48,
          "column": 19
        }
      },
      "17": {
        "start": {
          "line": 48,
          "column": 12
        },
        "end": {
          "line": 48,
          "column": 19
        }
      },
      "18": {
        "start": {
          "line": 49,
          "column": 47
        },
        "end": {
          "line": 49,
          "column": 50
        }
      },
      "19": {
        "start": {
          "line": 50,
          "column": 2
        },
        "end": {
          "line": 54,
          "column": 3
        }
      },
      "20": {
        "start": {
          "line": 51,
          "column": 4
        },
        "end": {
          "line": 51,
          "column": 66
        }
      },
      "21": {
        "start": {
          "line": 53,
          "column": 4
        },
        "end": {
          "line": 53,
          "column": 57
        }
      }
    },
    "fnMap": {
      "0": {
        "name": "(anonymous_0)",
        "decl": {
          "start": {
            "line": 14,
            "column": 2
          },
          "end": {
            "line": 14,
            "column": 3
          }
        },
        "loc": {
          "start": {
            "line": 14,
            "column": 39
          },
          "end": {
            "line": 26,
            "column": 3
          }
        },
        "line": 14
      },
      "1": {
        "name": "(anonymous_1)",
        "decl": {
          "start": {
            "line": 17,
            "column": 34
          },
          "end": {
            "line": 17,
            "column": 35
          }
        },
        "loc": {
          "start": {
            "line": 17,
            "column": 43
          },
          "end": {
            "line": 19,
            "column": 5
          }
        },
        "line": 17
      },
      "2": {
        "name": "(anonymous_2)",
        "decl": {
          "start": {
            "line": 19,
            "column": 7
          },
          "end": {
            "line": 19,
            "column": 8
          }
        },
        "loc": {
          "start": {
            "line": 19,
            "column": 23
          },
          "end": {
            "line": 21,
            "column": 5
          }
        },
        "line": 19
      },
      "3": {
        "name": "(anonymous_3)",
        "decl": {
          "start": {
            "line": 21,
            "column": 7
          },
          "end": {
            "line": 21,
            "column": 8
          }
        },
        "loc": {
          "start": {
            "line": 21,
            "column": 28
          },
          "end": {
            "line": 23,
            "column": 5
          }
        },
        "line": 21
      },
      "4": {
        "name": "_sfc_render",
        "decl": {
          "start": {
            "line": 29,
            "column": 9
          },
          "end": {
            "line": 29,
            "column": 20
          }
        },
        "loc": {
          "start": {
            "line": 29,
            "column": 68
          },
          "end": {
            "line": 41,
            "column": 1
          }
        },
        "line": 29
      },
      "5": {
        "name": "(anonymous_5)",
        "decl": {
          "start": {
            "line": 35,
            "column": 22
          },
          "end": {
            "line": 35,
            "column": 23
          }
        },
        "loc": {
          "start": {
            "line": 35,
            "column": 28
          },
          "end": {
            "line": 37,
            "column": 5
          }
        },
        "line": 35
      },
      "6": {
        "name": "(anonymous_6)",
        "decl": {
          "start": {
            "line": 44,
            "column": 35
          },
          "end": {
            "line": 44,
            "column": 36
          }
        },
        "loc": {
          "start": {
            "line": 44,
            "column": 49
          },
          "end": {
            "line": 46,
            "column": 1
          }
        },
        "line": 44
      },
      "7": {
        "name": "(anonymous_7)",
        "decl": {
          "start": {
            "line": 47,
            "column": 23
          },
          "end": {
            "line": 47,
            "column": 24
          }
        },
        "loc": {
          "start": {
            "line": 47,
            "column": 32
          },
          "end": {
            "line": 55,
            "column": 1
          }
        },
        "line": 47
      }
    },
    "branchMap": {
      "0": {
        "loc": {
          "start": {
            "line": 43,
            "column": 0
          },
          "end": {
            "line": 43,
            "column": 108
          }
        },
        "type": "binary-expr",
        "locations": [
          {
            "start": {
              "line": 43,
              "column": 0
            },
            "end": {
              "line": 43,
              "column": 42
            }
          },
          {
            "start": {
              "line": 43,
              "column": 46
            },
            "end": {
              "line": 43,
              "column": 108
            }
          }
        ],
        "line": 43
      },
      "1": {
        "loc": {
          "start": {
            "line": 48,
            "column": 2
          },
          "end": {
            "line": 48,
            "column": 19
          }
        },
        "type": "if",
        "locations": [
          {
            "start": {
              "line": 48,
              "column": 2
            },
            "end": {
              "line": 48,
              "column": 19
            }
          },
          {
            "start": {},
            "end": {}
          }
        ],
        "line": 48
      },
      "2": {
        "loc": {
          "start": {
            "line": 50,
            "column": 2
          },
          "end": {
            "line": 54,
            "column": 3
          }
        },
        "type": "if",
        "locations": [
          {
            "start": {
              "line": 50,
              "column": 2
            },
            "end": {
              "line": 54,
              "column": 3
            }
          },
          {
            "start": {
              "line": 52,
              "column": 9
            },
            "end": {
              "line": 54,
              "column": 3
            }
          }
        ],
        "line": 50
      }
    },
    "s": {
      "0": 5,
      "1": 53,
      "2": 53,
      "3": 53,
      "4": 69,
      "5": 69,
      "6": 69,
      "7": 53,
      "8": 53,
      "9": 69,
      "10": 69,
      "11": 5,
      "12": 5,
      "13": 5,
      "14": 5,
      "15": 5,
      "16": 0,
      "17": 0,
      "18": 0,
      "19": 0,
      "20": 0,
      "21": 0
    },
    "f": {
      "0": 53,
      "1": 69,
      "2": 69,
      "3": 69,
      "4": 69,
      "5": 69,
      "6": 5,
      "7": 0
    },
    "b": {
      "0": [
        5,
        5
      ],
      "1": [
        0,
        0
      ],
      "2": [
        0,
        0
      ]
    },
    "inputSourceMap": {
      "version": 3,
      "mappings": ";AAEA,SAAS,UAAU;AACnB,SAAS,iBAAsC;AAC/C,SAA8B,sBAAsB;;;;;;;;;;;;AAQpD,UAAM,QAAQ;;;;;;;;;;;;;;uBAMZ,aAMY;AAAA,IALT,IAAI;AAAA,IACJ,YAAU;AAAA,IACV,OArBL,gBAqBY,UAAG,sBAAc,WAAG,gBAAO,MAAE,YAAI,IAAK,aAAM,KAAK;AAAA;IArB7D,kBAuBI,MAAQ;AAAA,MAAR,YAAQ;AAAA;IAvBZ;AAAA;AAAA",
      "names": [],
      "ignoreList": [],
      "sources": [
        "/home/zeze/Documentos/personal/testes/teste-andrew/src/components/ui/button/Button.vue"
      ],
      "file": "/home/zeze/Documentos/personal/testes/teste-andrew/src/components/ui/button/Button.vue"
    },
    "_coverageSchema": "1a1c01bbd47fc00a2c39e90264f33305004495a9",
    "hash": "1ecd4f732d6d40f0f09ad24ed3c5e3d409bcc2b4"
  },
  "/home/zeze/Documentos/personal/testes/teste-andrew/src/components/ui/button/index.ts": {
    "path": "/home/zeze/Documentos/personal/testes/teste-andrew/src/components/ui/button/index.ts",
    "statementMap": {
      "0": {
        "start": {
          "line": 3,
          "column": 30
        },
        "end": {
          "line": 27,
          "column": 1
        }
      }
    },
    "fnMap": {},
    "branchMap": {},
    "s": {
      "0": 5
    },
    "f": {},
    "b": {},
    "inputSourceMap": {
      "version": 3,
      "sources": [
        "/home/zeze/Documentos/personal/testes/teste-andrew/src/components/ui/button/index.ts"
      ],
      "mappings": "AAAA,SAAS,WAA8B;AAEvC,SAAS,WAAW,cAAc;AAE3B,aAAM,iBAAiB;AAAA,EAC5B;AAAA,EACA;AAAA,IACE,UAAU;AAAA,MACR,SAAS;AAAA,QACP,SACE;AAAA,QACF,aACE;AAAA,QACF,SACE;AAAA,QACF,WACE;AAAA,QACF,OAAO;AAAA,QACP,MAAM;AAAA,MACR;AAAA,MACA,MAAM;AAAA,QACJ,SAAS;AAAA,QACT,IAAI;AAAA,QACJ,IAAI;AAAA,QACJ,MAAM;AAAA,MACR;AAAA,IACF;AAAA,IACA,iBAAiB;AAAA,MACf,SAAS;AAAA,MACT,MAAM;AAAA,IACR;AAAA,EACF;AACF;",
      "names": []
    },
    "_coverageSchema": "1a1c01bbd47fc00a2c39e90264f33305004495a9",
    "hash": "630c9f788af2ac841aed8cfd391776482dfb5cdb"
  },
  "/home/zeze/Documentos/personal/testes/teste-andrew/src/components/ui/popover/Popover.vue": {
    "path": "/home/zeze/Documentos/personal/testes/teste-andrew/src/components/ui/popover/Popover.vue",
    "statementMap": {
      "0": {
        "start": {
          "line": 3,
          "column": 34
        },
        "end": {
          "line": 22,
          "column": 2
        }
      },
      "1": {
        "start": {
          "line": 12,
          "column": 4
        },
        "end": {
          "line": 12,
          "column": 15
        }
      },
      "2": {
        "start": {
          "line": 13,
          "column": 18
        },
        "end": {
          "line": 13,
          "column": 25
        }
      },
      "3": {
        "start": {
          "line": 14,
          "column": 18
        },
        "end": {
          "line": 14,
          "column": 24
        }
      },
      "4": {
        "start": {
          "line": 15,
          "column": 22
        },
        "end": {
          "line": 15,
          "column": 56
        }
      },
      "5": {
        "start": {
          "line": 16,
          "column": 25
        },
        "end": {
          "line": 18,
          "column": 7
        }
      },
      "6": {
        "start": {
          "line": 17,
          "column": 6
        },
        "end": {
          "line": 17,
          "column": 25
        }
      },
      "7": {
        "start": {
          "line": 19,
          "column": 4
        },
        "end": {
          "line": 19,
          "column": 95
        }
      },
      "8": {
        "start": {
          "line": 20,
          "column": 4
        },
        "end": {
          "line": 20,
          "column": 24
        }
      },
      "9": {
        "start": {
          "line": 25,
          "column": 2
        },
        "end": {
          "line": 37,
          "column": 4
        }
      },
      "10": {
        "start": {
          "line": 29,
          "column": 30
        },
        "end": {
          "line": 31,
          "column": 7
        }
      },
      "11": {
        "start": {
          "line": 39,
          "column": 0
        },
        "end": {
          "line": 39,
          "column": 31
        }
      },
      "12": {
        "start": {
          "line": 40,
          "column": 0
        },
        "end": {
          "line": 40,
          "column": 109
        }
      },
      "13": {
        "start": {
          "line": 41,
          "column": 0
        },
        "end": {
          "line": 43,
          "column": 3
        }
      },
      "14": {
        "start": {
          "line": 42,
          "column": 2
        },
        "end": {
          "line": 42,
          "column": 42
        }
      },
      "15": {
        "start": {
          "line": 44,
          "column": 0
        },
        "end": {
          "line": 52,
          "column": 3
        }
      },
      "16": {
        "start": {
          "line": 45,
          "column": 2
        },
        "end": {
          "line": 45,
          "column": 19
        }
      },
      "17": {
        "start": {
          "line": 45,
          "column": 12
        },
        "end": {
          "line": 45,
          "column": 19
        }
      },
      "18": {
        "start": {
          "line": 46,
          "column": 47
        },
        "end": {
          "line": 46,
          "column": 50
        }
      },
      "19": {
        "start": {
          "line": 47,
          "column": 2
        },
        "end": {
          "line": 51,
          "column": 3
        }
      },
      "20": {
        "start": {
          "line": 48,
          "column": 4
        },
        "end": {
          "line": 48,
          "column": 66
        }
      },
      "21": {
        "start": {
          "line": 50,
          "column": 4
        },
        "end": {
          "line": 50,
          "column": 57
        }
      }
    },
    "fnMap": {
      "0": {
        "name": "(anonymous_0)",
        "decl": {
          "start": {
            "line": 11,
            "column": 2
          },
          "end": {
            "line": 11,
            "column": 3
          }
        },
        "loc": {
          "start": {
            "line": 11,
            "column": 53
          },
          "end": {
            "line": 21,
            "column": 3
          }
        },
        "line": 11
      },
      "1": {
        "name": "(anonymous_1)",
        "decl": {
          "start": {
            "line": 16,
            "column": 52
          },
          "end": {
            "line": 16,
            "column": 53
          }
        },
        "loc": {
          "start": {
            "line": 16,
            "column": 70
          },
          "end": {
            "line": 18,
            "column": 5
          }
        },
        "line": 16
      },
      "2": {
        "name": "_sfc_render",
        "decl": {
          "start": {
            "line": 24,
            "column": 9
          },
          "end": {
            "line": 24,
            "column": 20
          }
        },
        "loc": {
          "start": {
            "line": 24,
            "column": 68
          },
          "end": {
            "line": 38,
            "column": 1
          }
        },
        "line": 24
      },
      "3": {
        "name": "(anonymous_3)",
        "decl": {
          "start": {
            "line": 29,
            "column": 24
          },
          "end": {
            "line": 29,
            "column": 25
          }
        },
        "loc": {
          "start": {
            "line": 29,
            "column": 30
          },
          "end": {
            "line": 31,
            "column": 7
          }
        },
        "line": 29
      },
      "4": {
        "name": "(anonymous_4)",
        "decl": {
          "start": {
            "line": 41,
            "column": 35
          },
          "end": {
            "line": 41,
            "column": 36
          }
        },
        "loc": {
          "start": {
            "line": 41,
            "column": 49
          },
          "end": {
            "line": 43,
            "column": 1
          }
        },
        "line": 41
      },
      "5": {
        "name": "(anonymous_5)",
        "decl": {
          "start": {
            "line": 44,
            "column": 23
          },
          "end": {
            "line": 44,
            "column": 24
          }
        },
        "loc": {
          "start": {
            "line": 44,
            "column": 32
          },
          "end": {
            "line": 52,
            "column": 1
          }
        },
        "line": 44
      }
    },
    "branchMap": {
      "0": {
        "loc": {
          "start": {
            "line": 40,
            "column": 0
          },
          "end": {
            "line": 40,
            "column": 108
          }
        },
        "type": "binary-expr",
        "locations": [
          {
            "start": {
              "line": 40,
              "column": 0
            },
            "end": {
              "line": 40,
              "column": 42
            }
          },
          {
            "start": {
              "line": 40,
              "column": 46
            },
            "end": {
              "line": 40,
              "column": 108
            }
          }
        ],
        "line": 40
      },
      "1": {
        "loc": {
          "start": {
            "line": 45,
            "column": 2
          },
          "end": {
            "line": 45,
            "column": 19
          }
        },
        "type": "if",
        "locations": [
          {
            "start": {
              "line": 45,
              "column": 2
            },
            "end": {
              "line": 45,
              "column": 19
            }
          },
          {
            "start": {},
            "end": {}
          }
        ],
        "line": 45
      },
      "2": {
        "loc": {
          "start": {
            "line": 47,
            "column": 2
          },
          "end": {
            "line": 51,
            "column": 3
          }
        },
        "type": "if",
        "locations": [
          {
            "start": {
              "line": 47,
              "column": 2
            },
            "end": {
              "line": 51,
              "column": 3
            }
          },
          {
            "start": {
              "line": 49,
              "column": 9
            },
            "end": {
              "line": 51,
              "column": 3
            }
          }
        ],
        "line": 47
      }
    },
    "s": {
      "0": 5,
      "1": 17,
      "2": 17,
      "3": 17,
      "4": 17,
      "5": 17,
      "6": 17,
      "7": 17,
      "8": 17,
      "9": 17,
      "10": 26,
      "11": 5,
      "12": 5,
      "13": 5,
      "14": 5,
      "15": 5,
      "16": 0,
      "17": 0,
      "18": 0,
      "19": 0,
      "20": 0,
      "21": 0
    },
    "f": {
      "0": 17,
      "1": 17,
      "2": 17,
      "3": 26,
      "4": 5,
      "5": 0
    },
    "b": {
      "0": [
        5,
        5
      ],
      "1": [
        0,
        0
      ],
      "2": [
        0,
        0
      ]
    },
    "inputSourceMap": {
      "version": 3,
      "mappings": ";AAEA,SAAS,aAAa,4BAA4B;;;;;;;;;;;AAElD,UAAM,QAAQ;AACd,UAAM,QAAQ;AAEd,UAAM,YAAY,qBAAqB,OAAO,KAAK;;;;;;;;;;uBAIjD;AAAA,IAEc;AAAA,IAbhB,oCAWuB,gBAAS;AAAA;AAAA,MAXhC,kBAYI,MAAQ;AAAA,QAAR,YAAQ;AAAA;MAZZ;AAAA;AAAA",
      "names": [],
      "ignoreList": [],
      "sources": [
        "/home/zeze/Documentos/personal/testes/teste-andrew/src/components/ui/popover/Popover.vue"
      ],
      "file": "/home/zeze/Documentos/personal/testes/teste-andrew/src/components/ui/popover/Popover.vue"
    },
    "_coverageSchema": "1a1c01bbd47fc00a2c39e90264f33305004495a9",
    "hash": "0a14a93f2a6a79da9c02e600489633f9bea058b1"
  },
  "/home/zeze/Documentos/personal/testes/teste-andrew/src/components/ui/popover/PopoverContent.vue": {
    "path": "/home/zeze/Documentos/personal/testes/teste-andrew/src/components/ui/popover/PopoverContent.vue",
    "statementMap": {
      "0": {
        "start": {
          "line": 9,
          "column": 34
        },
        "end": {
          "line": 54,
          "column": 2
        }
      },
      "1": {
        "start": {
          "line": 36,
          "column": 4
        },
        "end": {
          "line": 36,
          "column": 15
        }
      },
      "2": {
        "start": {
          "line": 37,
          "column": 18
        },
        "end": {
          "line": 37,
          "column": 25
        }
      },
      "3": {
        "start": {
          "line": 38,
          "column": 18
        },
        "end": {
          "line": 38,
          "column": 24
        }
      },
      "4": {
        "start": {
          "line": 39,
          "column": 27
        },
        "end": {
          "line": 42,
          "column": 6
        }
      },
      "5": {
        "start": {
          "line": 40,
          "column": 41
        },
        "end": {
          "line": 40,
          "column": 46
        }
      },
      "6": {
        "start": {
          "line": 41,
          "column": 6
        },
        "end": {
          "line": 41,
          "column": 23
        }
      },
      "7": {
        "start": {
          "line": 43,
          "column": 22
        },
        "end": {
          "line": 43,
          "column": 65
        }
      },
      "8": {
        "start": {
          "line": 44,
          "column": 25
        },
        "end": {
          "line": 50,
          "column": 7
        }
      },
      "9": {
        "start": {
          "line": 45,
          "column": 6
        },
        "end": {
          "line": 45,
          "column": 16
        }
      },
      "10": {
        "start": {
          "line": 47,
          "column": 6
        },
        "end": {
          "line": 47,
          "column": 28
        }
      },
      "11": {
        "start": {
          "line": 49,
          "column": 6
        },
        "end": {
          "line": 49,
          "column": 27
        }
      },
      "12": {
        "start": {
          "line": 51,
          "column": 4
        },
        "end": {
          "line": 51,
          "column": 95
        }
      },
      "13": {
        "start": {
          "line": 52,
          "column": 4
        },
        "end": {
          "line": 52,
          "column": 24
        }
      },
      "14": {
        "start": {
          "line": 57,
          "column": 2
        },
        "end": {
          "line": 74,
          "column": 5
        }
      },
      "15": {
        "start": {
          "line": 58,
          "column": 28
        },
        "end": {
          "line": 71,
          "column": 5
        }
      },
      "16": {
        "start": {
          "line": 65,
          "column": 32
        },
        "end": {
          "line": 67,
          "column": 9
        }
      },
      "17": {
        "start": {
          "line": 76,
          "column": 0
        },
        "end": {
          "line": 76,
          "column": 31
        }
      },
      "18": {
        "start": {
          "line": 77,
          "column": 0
        },
        "end": {
          "line": 77,
          "column": 109
        }
      },
      "19": {
        "start": {
          "line": 78,
          "column": 0
        },
        "end": {
          "line": 80,
          "column": 3
        }
      },
      "20": {
        "start": {
          "line": 79,
          "column": 2
        },
        "end": {
          "line": 79,
          "column": 42
        }
      },
      "21": {
        "start": {
          "line": 81,
          "column": 0
        },
        "end": {
          "line": 89,
          "column": 3
        }
      },
      "22": {
        "start": {
          "line": 82,
          "column": 2
        },
        "end": {
          "line": 82,
          "column": 19
        }
      },
      "23": {
        "start": {
          "line": 82,
          "column": 12
        },
        "end": {
          "line": 82,
          "column": 19
        }
      },
      "24": {
        "start": {
          "line": 83,
          "column": 47
        },
        "end": {
          "line": 83,
          "column": 50
        }
      },
      "25": {
        "start": {
          "line": 84,
          "column": 2
        },
        "end": {
          "line": 88,
          "column": 3
        }
      },
      "26": {
        "start": {
          "line": 85,
          "column": 4
        },
        "end": {
          "line": 85,
          "column": 66
        }
      },
      "27": {
        "start": {
          "line": 87,
          "column": 4
        },
        "end": {
          "line": 87,
          "column": 57
        }
      }
    },
    "fnMap": {
      "0": {
        "name": "(anonymous_0)",
        "decl": {
          "start": {
            "line": 35,
            "column": 2
          },
          "end": {
            "line": 35,
            "column": 3
          }
        },
        "loc": {
          "start": {
            "line": 35,
            "column": 53
          },
          "end": {
            "line": 53,
            "column": 3
          }
        },
        "line": 35
      },
      "1": {
        "name": "(anonymous_1)",
        "decl": {
          "start": {
            "line": 39,
            "column": 36
          },
          "end": {
            "line": 39,
            "column": 37
          }
        },
        "loc": {
          "start": {
            "line": 39,
            "column": 42
          },
          "end": {
            "line": 42,
            "column": 5
          }
        },
        "line": 39
      },
      "2": {
        "name": "(anonymous_2)",
        "decl": {
          "start": {
            "line": 44,
            "column": 68
          },
          "end": {
            "line": 44,
            "column": 69
          }
        },
        "loc": {
          "start": {
            "line": 44,
            "column": 77
          },
          "end": {
            "line": 46,
            "column": 5
          }
        },
        "line": 44
      },
      "3": {
        "name": "(anonymous_3)",
        "decl": {
          "start": {
            "line": 46,
            "column": 7
          },
          "end": {
            "line": 46,
            "column": 8
          }
        },
        "loc": {
          "start": {
            "line": 46,
            "column": 28
          },
          "end": {
            "line": 48,
            "column": 5
          }
        },
        "line": 46
      },
      "4": {
        "name": "(anonymous_4)",
        "decl": {
          "start": {
            "line": 48,
            "column": 7
          },
          "end": {
            "line": 48,
            "column": 8
          }
        },
        "loc": {
          "start": {
            "line": 48,
            "column": 27
          },
          "end": {
            "line": 50,
            "column": 5
          }
        },
        "line": 48
      },
      "5": {
        "name": "_sfc_render",
        "decl": {
          "start": {
            "line": 56,
            "column": 9
          },
          "end": {
            "line": 56,
            "column": 20
          }
        },
        "loc": {
          "start": {
            "line": 56,
            "column": 68
          },
          "end": {
            "line": 75,
            "column": 1
          }
        },
        "line": 56
      },
      "6": {
        "name": "(anonymous_6)",
        "decl": {
          "start": {
            "line": 58,
            "column": 22
          },
          "end": {
            "line": 58,
            "column": 23
          }
        },
        "loc": {
          "start": {
            "line": 58,
            "column": 28
          },
          "end": {
            "line": 71,
            "column": 5
          }
        },
        "line": 58
      },
      "7": {
        "name": "(anonymous_7)",
        "decl": {
          "start": {
            "line": 65,
            "column": 26
          },
          "end": {
            "line": 65,
            "column": 27
          }
        },
        "loc": {
          "start": {
            "line": 65,
            "column": 32
          },
          "end": {
            "line": 67,
            "column": 9
          }
        },
        "line": 65
      },
      "8": {
        "name": "(anonymous_8)",
        "decl": {
          "start": {
            "line": 78,
            "column": 35
          },
          "end": {
            "line": 78,
            "column": 36
          }
        },
        "loc": {
          "start": {
            "line": 78,
            "column": 49
          },
          "end": {
            "line": 80,
            "column": 1
          }
        },
        "line": 78
      },
      "9": {
        "name": "(anonymous_9)",
        "decl": {
          "start": {
            "line": 81,
            "column": 23
          },
          "end": {
            "line": 81,
            "column": 24
          }
        },
        "loc": {
          "start": {
            "line": 81,
            "column": 32
          },
          "end": {
            "line": 89,
            "column": 1
          }
        },
        "line": 81
      }
    },
    "branchMap": {
      "0": {
        "loc": {
          "start": {
            "line": 77,
            "column": 0
          },
          "end": {
            "line": 77,
            "column": 108
          }
        },
        "type": "binary-expr",
        "locations": [
          {
            "start": {
              "line": 77,
              "column": 0
            },
            "end": {
              "line": 77,
              "column": 42
            }
          },
          {
            "start": {
              "line": 77,
              "column": 46
            },
            "end": {
              "line": 77,
              "column": 108
            }
          }
        ],
        "line": 77
      },
      "1": {
        "loc": {
          "start": {
            "line": 82,
            "column": 2
          },
          "end": {
            "line": 82,
            "column": 19
          }
        },
        "type": "if",
        "locations": [
          {
            "start": {
              "line": 82,
              "column": 2
            },
            "end": {
              "line": 82,
              "column": 19
            }
          },
          {
            "start": {},
            "end": {}
          }
        ],
        "line": 82
      },
      "2": {
        "loc": {
          "start": {
            "line": 84,
            "column": 2
          },
          "end": {
            "line": 88,
            "column": 3
          }
        },
        "type": "if",
        "locations": [
          {
            "start": {
              "line": 84,
              "column": 2
            },
            "end": {
              "line": 88,
              "column": 3
            }
          },
          {
            "start": {
              "line": 86,
              "column": 9
            },
            "end": {
              "line": 88,
              "column": 3
            }
          }
        ],
        "line": 84
      }
    },
    "s": {
      "0": 5,
      "1": 17,
      "2": 17,
      "3": 17,
      "4": 17,
      "5": 17,
      "6": 17,
      "7": 17,
      "8": 17,
      "9": 17,
      "10": 17,
      "11": 17,
      "12": 17,
      "13": 17,
      "14": 17,
      "15": 17,
      "16": 54,
      "17": 5,
      "18": 5,
      "19": 5,
      "20": 5,
      "21": 5,
      "22": 0,
      "23": 0,
      "24": 0,
      "25": 0,
      "26": 0,
      "27": 0
    },
    "f": {
      "0": 17,
      "1": 17,
      "2": 17,
      "3": 17,
      "4": 17,
      "5": 17,
      "6": 17,
      "7": 54,
      "8": 5,
      "9": 0
    },
    "b": {
      "0": [
        5,
        5
      ],
      "1": [
        0,
        0
      ],
      "2": [
        0,
        0
      ]
    },
    "inputSourceMap": {
      "version": 3,
      "mappings": ";AACA,SAAS,UAAU;AACnB;AAAA,EACE;AAAA,EAGA;AAAA,EACA;AAAA,OACK;AACP,SAAS,gBAAqC;;;;;;;;;;;;;;;;;;;;;;;;;;;;;AAM9C,UAAM,QAAQ;AAOd,UAAM,QAAQ;AAEd,UAAM,iBAAiB,SAAS,MAAM;AACpC,YAAM,EAAE,OAAO,GAAG,GAAG,UAAU,IAAI;AAEnC,aAAO;AAAA,IACT,CAAC;AAED,UAAM,YAAY,qBAAqB,gBAAgB,KAAK;;;;;;;;;;;;;;uBAI1D,aAYgB;AAAA,IA9ClB,kBAmCI,MAUiB;AAAA,MAVjB,aAUiB,0BAVjB,YAUiB,KATF,kBAAS,GAAK,YAAM;AAAA,QAChC,OAAgB;AAAA;UAAsc,aAAM;AAAA;;QArCne,kBA4CM,MAAQ;AAAA,UAAR,YAAQ;AAAA;QA5Cd;AAAA;AAAA;;IAAA;AAAA;AAAA",
      "names": [],
      "ignoreList": [],
      "sources": [
        "/home/zeze/Documentos/personal/testes/teste-andrew/src/components/ui/popover/PopoverContent.vue"
      ],
      "file": "/home/zeze/Documentos/personal/testes/teste-andrew/src/components/ui/popover/PopoverContent.vue"
    },
    "_coverageSchema": "1a1c01bbd47fc00a2c39e90264f33305004495a9",
    "hash": "2a21761a4eda14dae7b90eaf88c3e39f47d88712"
  },
  "/home/zeze/Documentos/personal/testes/teste-andrew/src/components/ui/popover/PopoverTrigger.vue": {
    "path": "/home/zeze/Documentos/personal/testes/teste-andrew/src/components/ui/popover/PopoverTrigger.vue",
    "statementMap": {
      "0": {
        "start": {
          "line": 3,
          "column": 34
        },
        "end": {
          "line": 18,
          "column": 2
        }
      },
      "1": {
        "start": {
          "line": 10,
          "column": 4
        },
        "end": {
          "line": 10,
          "column": 15
        }
      },
      "2": {
        "start": {
          "line": 11,
          "column": 18
        },
        "end": {
          "line": 11,
          "column": 25
        }
      },
      "3": {
        "start": {
          "line": 12,
          "column": 25
        },
        "end": {
          "line": 14,
          "column": 7
        }
      },
      "4": {
        "start": {
          "line": 13,
          "column": 6
        },
        "end": {
          "line": 13,
          "column": 28
        }
      },
      "5": {
        "start": {
          "line": 15,
          "column": 4
        },
        "end": {
          "line": 15,
          "column": 95
        }
      },
      "6": {
        "start": {
          "line": 16,
          "column": 4
        },
        "end": {
          "line": 16,
          "column": 24
        }
      },
      "7": {
        "start": {
          "line": 21,
          "column": 2
        },
        "end": {
          "line": 33,
          "column": 4
        }
      },
      "8": {
        "start": {
          "line": 25,
          "column": 30
        },
        "end": {
          "line": 27,
          "column": 7
        }
      },
      "9": {
        "start": {
          "line": 35,
          "column": 0
        },
        "end": {
          "line": 35,
          "column": 31
        }
      },
      "10": {
        "start": {
          "line": 36,
          "column": 0
        },
        "end": {
          "line": 36,
          "column": 109
        }
      },
      "11": {
        "start": {
          "line": 37,
          "column": 0
        },
        "end": {
          "line": 39,
          "column": 3
        }
      },
      "12": {
        "start": {
          "line": 38,
          "column": 2
        },
        "end": {
          "line": 38,
          "column": 42
        }
      },
      "13": {
        "start": {
          "line": 40,
          "column": 0
        },
        "end": {
          "line": 48,
          "column": 3
        }
      },
      "14": {
        "start": {
          "line": 41,
          "column": 2
        },
        "end": {
          "line": 41,
          "column": 19
        }
      },
      "15": {
        "start": {
          "line": 41,
          "column": 12
        },
        "end": {
          "line": 41,
          "column": 19
        }
      },
      "16": {
        "start": {
          "line": 42,
          "column": 47
        },
        "end": {
          "line": 42,
          "column": 50
        }
      },
      "17": {
        "start": {
          "line": 43,
          "column": 2
        },
        "end": {
          "line": 47,
          "column": 3
        }
      },
      "18": {
        "start": {
          "line": 44,
          "column": 4
        },
        "end": {
          "line": 44,
          "column": 66
        }
      },
      "19": {
        "start": {
          "line": 46,
          "column": 4
        },
        "end": {
          "line": 46,
          "column": 57
        }
      }
    },
    "fnMap": {
      "0": {
        "name": "(anonymous_0)",
        "decl": {
          "start": {
            "line": 9,
            "column": 2
          },
          "end": {
            "line": 9,
            "column": 3
          }
        },
        "loc": {
          "start": {
            "line": 9,
            "column": 39
          },
          "end": {
            "line": 17,
            "column": 3
          }
        },
        "line": 9
      },
      "1": {
        "name": "(anonymous_1)",
        "decl": {
          "start": {
            "line": 12,
            "column": 34
          },
          "end": {
            "line": 12,
            "column": 35
          }
        },
        "loc": {
          "start": {
            "line": 12,
            "column": 55
          },
          "end": {
            "line": 14,
            "column": 5
          }
        },
        "line": 12
      },
      "2": {
        "name": "_sfc_render",
        "decl": {
          "start": {
            "line": 20,
            "column": 9
          },
          "end": {
            "line": 20,
            "column": 20
          }
        },
        "loc": {
          "start": {
            "line": 20,
            "column": 68
          },
          "end": {
            "line": 34,
            "column": 1
          }
        },
        "line": 20
      },
      "3": {
        "name": "(anonymous_3)",
        "decl": {
          "start": {
            "line": 25,
            "column": 24
          },
          "end": {
            "line": 25,
            "column": 25
          }
        },
        "loc": {
          "start": {
            "line": 25,
            "column": 30
          },
          "end": {
            "line": 27,
            "column": 7
          }
        },
        "line": 25
      },
      "4": {
        "name": "(anonymous_4)",
        "decl": {
          "start": {
            "line": 37,
            "column": 35
          },
          "end": {
            "line": 37,
            "column": 36
          }
        },
        "loc": {
          "start": {
            "line": 37,
            "column": 49
          },
          "end": {
            "line": 39,
            "column": 1
          }
        },
        "line": 37
      },
      "5": {
        "name": "(anonymous_5)",
        "decl": {
          "start": {
            "line": 40,
            "column": 23
          },
          "end": {
            "line": 40,
            "column": 24
          }
        },
        "loc": {
          "start": {
            "line": 40,
            "column": 32
          },
          "end": {
            "line": 48,
            "column": 1
          }
        },
        "line": 40
      }
    },
    "branchMap": {
      "0": {
        "loc": {
          "start": {
            "line": 36,
            "column": 0
          },
          "end": {
            "line": 36,
            "column": 108
          }
        },
        "type": "binary-expr",
        "locations": [
          {
            "start": {
              "line": 36,
              "column": 0
            },
            "end": {
              "line": 36,
              "column": 42
            }
          },
          {
            "start": {
              "line": 36,
              "column": 46
            },
            "end": {
              "line": 36,
              "column": 108
            }
          }
        ],
        "line": 36
      },
      "1": {
        "loc": {
          "start": {
            "line": 41,
            "column": 2
          },
          "end": {
            "line": 41,
            "column": 19
          }
        },
        "type": "if",
        "locations": [
          {
            "start": {
              "line": 41,
              "column": 2
            },
            "end": {
              "line": 41,
              "column": 19
            }
          },
          {
            "start": {},
            "end": {}
          }
        ],
        "line": 41
      },
      "2": {
        "loc": {
          "start": {
            "line": 43,
            "column": 2
          },
          "end": {
            "line": 47,
            "column": 3
          }
        },
        "type": "if",
        "locations": [
          {
            "start": {
              "line": 43,
              "column": 2
            },
            "end": {
              "line": 47,
              "column": 3
            }
          },
          {
            "start": {
              "line": 45,
              "column": 9
            },
            "end": {
              "line": 47,
              "column": 3
            }
          }
        ],
        "line": 43
      }
    },
    "s": {
      "0": 5,
      "1": 17,
      "2": 17,
      "3": 17,
      "4": 17,
      "5": 17,
      "6": 17,
      "7": 17,
      "8": 26,
      "9": 5,
      "10": 5,
      "11": 5,
      "12": 5,
      "13": 5,
      "14": 0,
      "15": 0,
      "16": 0,
      "17": 0,
      "18": 0,
      "19": 0
    },
    "f": {
      "0": 17,
      "1": 17,
      "2": 17,
      "3": 26,
      "4": 5,
      "5": 0
    },
    "b": {
      "0": [
        5,
        5
      ],
      "1": [
        0,
        0
      ],
      "2": [
        0,
        0
      ]
    },
    "inputSourceMap": {
      "version": 3,
      "mappings": ";AACA,SAAS,sBAAgD;;;;;;;;;AAEzD,UAAM,QAAQ;;;;;;;;;;uBAIZ;AAAA,IAEiB;AAAA,IATnB,oCAO0B,YAAK;AAAA;AAAA,MAP/B,kBAQI,MAAQ;AAAA,QAAR,YAAQ;AAAA;MARZ;AAAA;AAAA",
      "names": [],
      "ignoreList": [],
      "sources": [
        "/home/zeze/Documentos/personal/testes/teste-andrew/src/components/ui/popover/PopoverTrigger.vue"
      ],
      "file": "/home/zeze/Documentos/personal/testes/teste-andrew/src/components/ui/popover/PopoverTrigger.vue"
    },
    "_coverageSchema": "1a1c01bbd47fc00a2c39e90264f33305004495a9",
    "hash": "27f69e51ea3c877cf9fdbaac79d09cad0e45c49a"
  },
  "/home/zeze/Documentos/personal/testes/teste-andrew/src/components/ui/popover/index.ts": {
    "path": "/home/zeze/Documentos/personal/testes/teste-andrew/src/components/ui/popover/index.ts",
    "statementMap": {},
    "fnMap": {},
    "branchMap": {},
    "s": {},
    "f": {},
    "b": {},
    "inputSourceMap": {
      "version": 3,
      "sources": [
        "/home/zeze/Documentos/personal/testes/teste-andrew/src/components/ui/popover/index.ts"
      ],
      "mappings": "AAAA,SAAS,WAAW,eAAe;AACnC,SAAS,WAAW,sBAAsB;AAC1C,SAAS,WAAW,sBAAsB;",
      "names": []
    },
    "_coverageSchema": "1a1c01bbd47fc00a2c39e90264f33305004495a9",
    "hash": "58feb5a7533bd52fdbf6aeced3b9c5e272b00726"
  },
  "/home/zeze/Documentos/personal/testes/teste-andrew/src/components/ListIemMenu/index.vue": {
    "path": "/home/zeze/Documentos/personal/testes/teste-andrew/src/components/ListIemMenu/index.vue",
    "statementMap": {
      "0": {
        "start": {
          "line": 8,
          "column": 34
        },
        "end": {
          "line": 24,
          "column": 2
        }
      },
      "1": {
        "start": {
          "line": 11,
          "column": 4
        },
        "end": {
          "line": 11,
          "column": 15
        }
      },
      "2": {
        "start": {
          "line": 12,
          "column": 25
        },
        "end": {
          "line": 20,
          "column": 7
        }
      },
      "3": {
        "start": {
          "line": 13,
          "column": 6
        },
        "end": {
          "line": 13,
          "column": 20
        }
      },
      "4": {
        "start": {
          "line": 15,
          "column": 6
        },
        "end": {
          "line": 15,
          "column": 21
        }
      },
      "5": {
        "start": {
          "line": 17,
          "column": 6
        },
        "end": {
          "line": 17,
          "column": 28
        }
      },
      "6": {
        "start": {
          "line": 19,
          "column": 6
        },
        "end": {
          "line": 19,
          "column": 28
        }
      },
      "7": {
        "start": {
          "line": 21,
          "column": 4
        },
        "end": {
          "line": 21,
          "column": 95
        }
      },
      "8": {
        "start": {
          "line": 22,
          "column": 4
        },
        "end": {
          "line": 22,
          "column": 24
        }
      },
      "9": {
        "start": {
          "line": 27,
          "column": 2
        },
        "end": {
          "line": 65,
          "column": 5
        }
      },
      "10": {
        "start": {
          "line": 28,
          "column": 28
        },
        "end": {
          "line": 62,
          "column": 5
        }
      },
      "11": {
        "start": {
          "line": 30,
          "column": 32
        },
        "end": {
          "line": 51,
          "column": 9
        }
      },
      "12": {
        "start": {
          "line": 32,
          "column": 36
        },
        "end": {
          "line": 47,
          "column": 14
        }
      },
      "13": {
        "start": {
          "line": 56,
          "column": 32
        },
        "end": {
          "line": 58,
          "column": 9
        }
      },
      "14": {
        "start": {
          "line": 67,
          "column": 0
        },
        "end": {
          "line": 67,
          "column": 31
        }
      },
      "15": {
        "start": {
          "line": 68,
          "column": 0
        },
        "end": {
          "line": 68,
          "column": 109
        }
      },
      "16": {
        "start": {
          "line": 69,
          "column": 0
        },
        "end": {
          "line": 71,
          "column": 3
        }
      },
      "17": {
        "start": {
          "line": 70,
          "column": 2
        },
        "end": {
          "line": 70,
          "column": 42
        }
      },
      "18": {
        "start": {
          "line": 72,
          "column": 0
        },
        "end": {
          "line": 80,
          "column": 3
        }
      },
      "19": {
        "start": {
          "line": 73,
          "column": 2
        },
        "end": {
          "line": 73,
          "column": 19
        }
      },
      "20": {
        "start": {
          "line": 73,
          "column": 12
        },
        "end": {
          "line": 73,
          "column": 19
        }
      },
      "21": {
        "start": {
          "line": 74,
          "column": 47
        },
        "end": {
          "line": 74,
          "column": 50
        }
      },
      "22": {
        "start": {
          "line": 75,
          "column": 2
        },
        "end": {
          "line": 79,
          "column": 3
        }
      },
      "23": {
        "start": {
          "line": 76,
          "column": 4
        },
        "end": {
          "line": 76,
          "column": 66
        }
      },
      "24": {
        "start": {
          "line": 78,
          "column": 4
        },
        "end": {
          "line": 78,
          "column": 57
        }
      }
    },
    "fnMap": {
      "0": {
        "name": "(anonymous_0)",
        "decl": {
          "start": {
            "line": 10,
            "column": 2
          },
          "end": {
            "line": 10,
            "column": 3
          }
        },
        "loc": {
          "start": {
            "line": 10,
            "column": 39
          },
          "end": {
            "line": 23,
            "column": 3
          }
        },
        "line": 10
      },
      "1": {
        "name": "(anonymous_1)",
        "decl": {
          "start": {
            "line": 12,
            "column": 27
          },
          "end": {
            "line": 12,
            "column": 28
          }
        },
        "loc": {
          "start": {
            "line": 12,
            "column": 40
          },
          "end": {
            "line": 14,
            "column": 5
          }
        },
        "line": 12
      },
      "2": {
        "name": "(anonymous_2)",
        "decl": {
          "start": {
            "line": 14,
            "column": 7
          },
          "end": {
            "line": 14,
            "column": 8
          }
        },
        "loc": {
          "start": {
            "line": 14,
            "column": 21
          },
          "end": {
            "line": 16,
            "column": 5
          }
        },
        "line": 14
      },
      "3": {
        "name": "(anonymous_3)",
        "decl": {
          "start": {
            "line": 16,
            "column": 7
          },
          "end": {
            "line": 16,
            "column": 8
          }
        },
        "loc": {
          "start": {
            "line": 16,
            "column": 28
          },
          "end": {
            "line": 18,
            "column": 5
          }
        },
        "line": 16
      },
      "4": {
        "name": "(anonymous_4)",
        "decl": {
          "start": {
            "line": 18,
            "column": 7
          },
          "end": {
            "line": 18,
            "column": 8
          }
        },
        "loc": {
          "start": {
            "line": 18,
            "column": 28
          },
          "end": {
            "line": 20,
            "column": 5
          }
        },
        "line": 18
      },
      "5": {
        "name": "_sfc_render",
        "decl": {
          "start": {
            "line": 26,
            "column": 9
          },
          "end": {
            "line": 26,
            "column": 20
          }
        },
        "loc": {
          "start": {
            "line": 26,
            "column": 68
          },
          "end": {
            "line": 66,
            "column": 1
          }
        },
        "line": 26
      },
      "6": {
        "name": "(anonymous_6)",
        "decl": {
          "start": {
            "line": 28,
            "column": 22
          },
          "end": {
            "line": 28,
            "column": 23
          }
        },
        "loc": {
          "start": {
            "line": 28,
            "column": 28
          },
          "end": {
            "line": 62,
            "column": 5
          }
        },
        "line": 28
      },
      "7": {
        "name": "(anonymous_7)",
        "decl": {
          "start": {
            "line": 30,
            "column": 26
          },
          "end": {
            "line": 30,
            "column": 27
          }
        },
        "loc": {
          "start": {
            "line": 30,
            "column": 32
          },
          "end": {
            "line": 51,
            "column": 9
          }
        },
        "line": 30
      },
      "8": {
        "name": "(anonymous_8)",
        "decl": {
          "start": {
            "line": 32,
            "column": 30
          },
          "end": {
            "line": 32,
            "column": 31
          }
        },
        "loc": {
          "start": {
            "line": 32,
            "column": 36
          },
          "end": {
            "line": 47,
            "column": 14
          }
        },
        "line": 32
      },
      "9": {
        "name": "(anonymous_9)",
        "decl": {
          "start": {
            "line": 56,
            "column": 26
          },
          "end": {
            "line": 56,
            "column": 27
          }
        },
        "loc": {
          "start": {
            "line": 56,
            "column": 32
          },
          "end": {
            "line": 58,
            "column": 9
          }
        },
        "line": 56
      },
      "10": {
        "name": "(anonymous_10)",
        "decl": {
          "start": {
            "line": 69,
            "column": 35
          },
          "end": {
            "line": 69,
            "column": 36
          }
        },
        "loc": {
          "start": {
            "line": 69,
            "column": 49
          },
          "end": {
            "line": 71,
            "column": 1
          }
        },
        "line": 69
      },
      "11": {
        "name": "(anonymous_11)",
        "decl": {
          "start": {
            "line": 72,
            "column": 23
          },
          "end": {
            "line": 72,
            "column": 24
          }
        },
        "loc": {
          "start": {
            "line": 72,
            "column": 32
          },
          "end": {
            "line": 80,
            "column": 1
          }
        },
        "line": 72
      }
    },
    "branchMap": {
      "0": {
        "loc": {
          "start": {
            "line": 32,
            "column": 36
          },
          "end": {
            "line": 47,
            "column": 14
          }
        },
        "type": "binary-expr",
        "locations": [
          {
            "start": {
              "line": 32,
              "column": 36
            },
            "end": {
              "line": 32,
              "column": 45
            }
          },
          {
            "start": {
              "line": 32,
              "column": 50
            },
            "end": {
              "line": 47,
              "column": 13
            }
          }
        ],
        "line": 32
      },
      "1": {
        "loc": {
          "start": {
            "line": 68,
            "column": 0
          },
          "end": {
            "line": 68,
            "column": 108
          }
        },
        "type": "binary-expr",
        "locations": [
          {
            "start": {
              "line": 68,
              "column": 0
            },
            "end": {
              "line": 68,
              "column": 42
            }
          },
          {
            "start": {
              "line": 68,
              "column": 46
            },
            "end": {
              "line": 68,
              "column": 108
            }
          }
        ],
        "line": 68
      },
      "2": {
        "loc": {
          "start": {
            "line": 73,
            "column": 2
          },
          "end": {
            "line": 73,
            "column": 19
          }
        },
        "type": "if",
        "locations": [
          {
            "start": {
              "line": 73,
              "column": 2
            },
            "end": {
              "line": 73,
              "column": 19
            }
          },
          {
            "start": {},
            "end": {}
          }
        ],
        "line": 73
      },
      "3": {
        "loc": {
          "start": {
            "line": 75,
            "column": 2
          },
          "end": {
            "line": 79,
            "column": 3
          }
        },
        "type": "if",
        "locations": [
          {
            "start": {
              "line": 75,
              "column": 2
            },
            "end": {
              "line": 79,
              "column": 3
            }
          },
          {
            "start": {
              "line": 77,
              "column": 9
            },
            "end": {
              "line": 79,
              "column": 3
            }
          }
        ],
        "line": 75
      }
    },
    "s": {
      "0": 5,
      "1": 17,
      "2": 17,
      "3": 26,
      "4": 17,
      "5": 26,
      "6": 26,
      "7": 17,
      "8": 17,
      "9": 17,
      "10": 26,
      "11": 26,
      "12": 26,
      "13": 54,
      "14": 5,
      "15": 5,
      "16": 5,
      "17": 5,
      "18": 5,
      "19": 0,
      "20": 0,
      "21": 0,
      "22": 0,
      "23": 0,
      "24": 0
    },
    "f": {
      "0": 17,
      "1": 26,
      "2": 17,
      "3": 26,
      "4": 26,
      "5": 17,
      "6": 26,
      "7": 26,
      "8": 26,
      "9": 54,
      "10": 5,
      "11": 0
    },
    "b": {
      "0": [
        26,
        17
      ],
      "1": [
        5,
        5
      ],
      "2": [
        0,
        0
      ],
      "3": [
        0,
        0
      ]
    },
    "inputSourceMap": {
      "version": 3,
      "mappings": ";AACA,SAAS,cAAc;AAEvB;AAAA,EACE;AAAA,EACA;AAAA,EACA;AAAA,OACK;;;;;;;;;;;;;;;;;;;;uBAIL,aAWU;AAAA,IAtBZ,kBAYI,MAKiB;AAAA,MALjB,aAKiB,4BALD,eAAQ;AAAA,QAZ5B,kBAaM,MAGS;AAAA,UAHT,aAGS,oBAHD,OAAM,gBAAe;AAAA,YAbnC,kBAcQ,MAAiD;AAAA,cAAjD;AAAA,gBAAiD;AAAA,kBAA9C,OAAM,sCAAqC;AAAA;AAAA;AAAA;AAAA;AAAA,cAC9C;AAAA,gBAAsC;AAAA,kBAAhC,OAAM,UAAS;AAAA,gBAAC;AAAA,gBAAS;AAAA;AAAA;AAAA;YAfvC;AAAA;AAAA;;QAAA;AAAA;AAAA;MAmBI,aAEiB,4BAFD,OAAM,0CAAyC;AAAA,QAnBnE,kBAoBM,MAAQ;AAAA,UAAR,YAAQ;AAAA;QApBd;AAAA;AAAA;;IAAA;AAAA;AAAA",
      "names": [],
      "ignoreList": [],
      "sources": [
        "/home/zeze/Documentos/personal/testes/teste-andrew/src/components/ListIemMenu/index.vue"
      ],
      "file": "/home/zeze/Documentos/personal/testes/teste-andrew/src/components/ListIemMenu/index.vue"
    },
    "_coverageSchema": "1a1c01bbd47fc00a2c39e90264f33305004495a9",
    "hash": "f39ee054da8d6373bce6d24439562618f233e11e"
  },
  "/home/zeze/Documentos/personal/testes/teste-andrew/src/components/ui/toast/use-toast.ts": {
    "path": "/home/zeze/Documentos/personal/testes/teste-andrew/src/components/ui/toast/use-toast.ts",
    "statementMap": {
      "0": {
        "start": {
          "line": 2,
          "column": 20
        },
        "end": {
          "line": 2,
          "column": 21
        }
      },
      "1": {
        "start": {
          "line": 3,
          "column": 27
        },
        "end": {
          "line": 3,
          "column": 30
        }
      },
      "2": {
        "start": {
          "line": 4,
          "column": 20
        },
        "end": {
          "line": 9,
          "column": 1
        }
      },
      "3": {
        "start": {
          "line": 10,
          "column": 12
        },
        "end": {
          "line": 10,
          "column": 13
        }
      },
      "4": {
        "start": {
          "line": 12,
          "column": 2
        },
        "end": {
          "line": 12,
          "column": 41
        }
      },
      "5": {
        "start": {
          "line": 13,
          "column": 2
        },
        "end": {
          "line": 13,
          "column": 26
        }
      },
      "6": {
        "start": {
          "line": 15,
          "column": 38
        },
        "end": {
          "line": 15,
          "column": 47
        }
      },
      "7": {
        "start": {
          "line": 17,
          "column": 2
        },
        "end": {
          "line": 18,
          "column": 11
        }
      },
      "8": {
        "start": {
          "line": 18,
          "column": 4
        },
        "end": {
          "line": 18,
          "column": 11
        }
      },
      "9": {
        "start": {
          "line": 19,
          "column": 18
        },
        "end": {
          "line": 25,
          "column": 24
        }
      },
      "10": {
        "start": {
          "line": 20,
          "column": 4
        },
        "end": {
          "line": 20,
          "column": 34
        }
      },
      "11": {
        "start": {
          "line": 21,
          "column": 4
        },
        "end": {
          "line": 24,
          "column": 7
        }
      },
      "12": {
        "start": {
          "line": 26,
          "column": 2
        },
        "end": {
          "line": 26,
          "column": 38
        }
      },
      "13": {
        "start": {
          "line": 28,
          "column": 14
        },
        "end": {
          "line": 30,
          "column": 2
        }
      },
      "14": {
        "start": {
          "line": 32,
          "column": 2
        },
        "end": {
          "line": 64,
          "column": 3
        }
      },
      "15": {
        "start": {
          "line": 34,
          "column": 6
        },
        "end": {
          "line": 34,
          "column": 87
        }
      },
      "16": {
        "start": {
          "line": 35,
          "column": 6
        },
        "end": {
          "line": 35,
          "column": 12
        }
      },
      "17": {
        "start": {
          "line": 37,
          "column": 6
        },
        "end": {
          "line": 39,
          "column": 8
        }
      },
      "18": {
        "start": {
          "line": 38,
          "column": 15
        },
        "end": {
          "line": 38,
          "column": 71
        }
      },
      "19": {
        "start": {
          "line": 40,
          "column": 6
        },
        "end": {
          "line": 40,
          "column": 12
        }
      },
      "20": {
        "start": {
          "line": 42,
          "column": 26
        },
        "end": {
          "line": 42,
          "column": 32
        }
      },
      "21": {
        "start": {
          "line": 43,
          "column": 6
        },
        "end": {
          "line": 49,
          "column": 7
        }
      },
      "22": {
        "start": {
          "line": 44,
          "column": 8
        },
        "end": {
          "line": 44,
          "column": 34
        }
      },
      "23": {
        "start": {
          "line": 46,
          "column": 8
        },
        "end": {
          "line": 48,
          "column": 11
        }
      },
      "24": {
        "start": {
          "line": 47,
          "column": 10
        },
        "end": {
          "line": 47,
          "column": 38
        }
      },
      "25": {
        "start": {
          "line": 50,
          "column": 6
        },
        "end": {
          "line": 55,
          "column": 8
        }
      },
      "26": {
        "start": {
          "line": 51,
          "column": 15
        },
        "end": {
          "line": 54,
          "column": 13
        }
      },
      "27": {
        "start": {
          "line": 56,
          "column": 6
        },
        "end": {
          "line": 56,
          "column": 12
        }
      },
      "28": {
        "start": {
          "line": 59,
          "column": 6
        },
        "end": {
          "line": 62,
          "column": 87
        }
      },
      "29": {
        "start": {
          "line": 60,
          "column": 8
        },
        "end": {
          "line": 60,
          "column": 32
        }
      },
      "30": {
        "start": {
          "line": 62,
          "column": 8
        },
        "end": {
          "line": 62,
          "column": 87
        }
      },
      "31": {
        "start": {
          "line": 62,
          "column": 62
        },
        "end": {
          "line": 62,
          "column": 85
        }
      },
      "32": {
        "start": {
          "line": 63,
          "column": 6
        },
        "end": {
          "line": 63,
          "column": 12
        }
      },
      "33": {
        "start": {
          "line": 67,
          "column": 2
        },
        "end": {
          "line": 71,
          "column": 4
        }
      },
      "34": {
        "start": {
          "line": 68,
          "column": 27
        },
        "end": {
          "line": 68,
          "column": 45
        }
      },
      "35": {
        "start": {
          "line": 70,
          "column": 26
        },
        "end": {
          "line": 70,
          "column": 80
        }
      },
      "36": {
        "start": {
          "line": 74,
          "column": 13
        },
        "end": {
          "line": 74,
          "column": 20
        }
      },
      "37": {
        "start": {
          "line": 75,
          "column": 17
        },
        "end": {
          "line": 78,
          "column": 4
        }
      },
      "38": {
        "start": {
          "line": 75,
          "column": 29
        },
        "end": {
          "line": 78,
          "column": 4
        }
      },
      "39": {
        "start": {
          "line": 79,
          "column": 18
        },
        "end": {
          "line": 79,
          "column": 82
        }
      },
      "40": {
        "start": {
          "line": 79,
          "column": 24
        },
        "end": {
          "line": 79,
          "column": 82
        }
      },
      "41": {
        "start": {
          "line": 80,
          "column": 2
        },
        "end": {
          "line": 91,
          "column": 5
        }
      },
      "42": {
        "start": {
          "line": 87,
          "column": 8
        },
        "end": {
          "line": 88,
          "column": 20
        }
      },
      "43": {
        "start": {
          "line": 88,
          "column": 10
        },
        "end": {
          "line": 88,
          "column": 20
        }
      },
      "44": {
        "start": {
          "line": 92,
          "column": 2
        },
        "end": {
          "line": 96,
          "column": 4
        }
      }
    },
    "fnMap": {
      "0": {
        "name": "genId",
        "decl": {
          "start": {
            "line": 11,
            "column": 9
          },
          "end": {
            "line": 11,
            "column": 14
          }
        },
        "loc": {
          "start": {
            "line": 11,
            "column": 17
          },
          "end": {
            "line": 14,
            "column": 1
          }
        },
        "line": 11
      },
      "1": {
        "name": "addToRemoveQueue",
        "decl": {
          "start": {
            "line": 16,
            "column": 9
          },
          "end": {
            "line": 16,
            "column": 25
          }
        },
        "loc": {
          "start": {
            "line": 16,
            "column": 35
          },
          "end": {
            "line": 27,
            "column": 1
          }
        },
        "line": 16
      },
      "2": {
        "name": "(anonymous_2)",
        "decl": {
          "start": {
            "line": 19,
            "column": 29
          },
          "end": {
            "line": 19,
            "column": 30
          }
        },
        "loc": {
          "start": {
            "line": 19,
            "column": 35
          },
          "end": {
            "line": 25,
            "column": 3
          }
        },
        "line": 19
      },
      "3": {
        "name": "dispatch",
        "decl": {
          "start": {
            "line": 31,
            "column": 9
          },
          "end": {
            "line": 31,
            "column": 17
          }
        },
        "loc": {
          "start": {
            "line": 31,
            "column": 26
          },
          "end": {
            "line": 65,
            "column": 1
          }
        },
        "line": 31
      },
      "4": {
        "name": "(anonymous_4)",
        "decl": {
          "start": {
            "line": 38,
            "column": 8
          },
          "end": {
            "line": 38,
            "column": 9
          }
        },
        "loc": {
          "start": {
            "line": 38,
            "column": 15
          },
          "end": {
            "line": 38,
            "column": 71
          }
        },
        "line": 38
      },
      "5": {
        "name": "(anonymous_5)",
        "decl": {
          "start": {
            "line": 46,
            "column": 35
          },
          "end": {
            "line": 46,
            "column": 36
          }
        },
        "loc": {
          "start": {
            "line": 46,
            "column": 47
          },
          "end": {
            "line": 48,
            "column": 9
          }
        },
        "line": 46
      },
      "6": {
        "name": "(anonymous_6)",
        "decl": {
          "start": {
            "line": 51,
            "column": 8
          },
          "end": {
            "line": 51,
            "column": 9
          }
        },
        "loc": {
          "start": {
            "line": 51,
            "column": 15
          },
          "end": {
            "line": 54,
            "column": 13
          }
        },
        "line": 51
      },
      "7": {
        "name": "(anonymous_7)",
        "decl": {
          "start": {
            "line": 62,
            "column": 55
          },
          "end": {
            "line": 62,
            "column": 56
          }
        },
        "loc": {
          "start": {
            "line": 62,
            "column": 62
          },
          "end": {
            "line": 62,
            "column": 85
          }
        },
        "line": 62
      },
      "8": {
        "name": "useToast",
        "decl": {
          "start": {
            "line": 66,
            "column": 9
          },
          "end": {
            "line": 66,
            "column": 17
          }
        },
        "loc": {
          "start": {
            "line": 66,
            "column": 20
          },
          "end": {
            "line": 72,
            "column": 1
          }
        },
        "line": 66
      },
      "9": {
        "name": "(anonymous_9)",
        "decl": {
          "start": {
            "line": 68,
            "column": 21
          },
          "end": {
            "line": 68,
            "column": 22
          }
        },
        "loc": {
          "start": {
            "line": 68,
            "column": 27
          },
          "end": {
            "line": 68,
            "column": 45
          }
        },
        "line": 68
      },
      "10": {
        "name": "(anonymous_10)",
        "decl": {
          "start": {
            "line": 70,
            "column": 13
          },
          "end": {
            "line": 70,
            "column": 14
          }
        },
        "loc": {
          "start": {
            "line": 70,
            "column": 26
          },
          "end": {
            "line": 70,
            "column": 80
          }
        },
        "line": 70
      },
      "11": {
        "name": "toast",
        "decl": {
          "start": {
            "line": 73,
            "column": 9
          },
          "end": {
            "line": 73,
            "column": 14
          }
        },
        "loc": {
          "start": {
            "line": 73,
            "column": 22
          },
          "end": {
            "line": 97,
            "column": 1
          }
        },
        "line": 73
      },
      "12": {
        "name": "(anonymous_12)",
        "decl": {
          "start": {
            "line": 75,
            "column": 17
          },
          "end": {
            "line": 75,
            "column": 18
          }
        },
        "loc": {
          "start": {
            "line": 75,
            "column": 29
          },
          "end": {
            "line": 78,
            "column": 4
          }
        },
        "line": 75
      },
      "13": {
        "name": "(anonymous_13)",
        "decl": {
          "start": {
            "line": 79,
            "column": 18
          },
          "end": {
            "line": 79,
            "column": 19
          }
        },
        "loc": {
          "start": {
            "line": 79,
            "column": 24
          },
          "end": {
            "line": 79,
            "column": 82
          }
        },
        "line": 79
      },
      "14": {
        "name": "(anonymous_14)",
        "decl": {
          "start": {
            "line": 86,
            "column": 20
          },
          "end": {
            "line": 86,
            "column": 21
          }
        },
        "loc": {
          "start": {
            "line": 86,
            "column": 30
          },
          "end": {
            "line": 89,
            "column": 7
          }
        },
        "line": 86
      }
    },
    "branchMap": {
      "0": {
        "loc": {
          "start": {
            "line": 17,
            "column": 2
          },
          "end": {
            "line": 18,
            "column": 11
          }
        },
        "type": "if",
        "locations": [
          {
            "start": {
              "line": 17,
              "column": 2
            },
            "end": {
              "line": 18,
              "column": 11
            }
          },
          {
            "start": {},
            "end": {}
          }
        ],
        "line": 17
      },
      "1": {
        "loc": {
          "start": {
            "line": 32,
            "column": 2
          },
          "end": {
            "line": 64,
            "column": 3
          }
        },
        "type": "switch",
        "locations": [
          {
            "start": {
              "line": 33,
              "column": 4
            },
            "end": {
              "line": 35,
              "column": 12
            }
          },
          {
            "start": {
              "line": 36,
              "column": 4
            },
            "end": {
              "line": 40,
              "column": 12
            }
          },
          {
            "start": {
              "line": 41,
              "column": 4
            },
            "end": {
              "line": 57,
              "column": 5
            }
          },
          {
            "start": {
              "line": 58,
              "column": 4
            },
            "end": {
              "line": 63,
              "column": 12
            }
          }
        ],
        "line": 32
      },
      "2": {
        "loc": {
          "start": {
            "line": 38,
            "column": 15
          },
          "end": {
            "line": 38,
            "column": 71
          }
        },
        "type": "cond-expr",
        "locations": [
          {
            "start": {
              "line": 38,
              "column": 42
            },
            "end": {
              "line": 38,
              "column": 67
            }
          },
          {
            "start": {
              "line": 38,
              "column": 70
            },
            "end": {
              "line": 38,
              "column": 71
            }
          }
        ],
        "line": 38
      },
      "3": {
        "loc": {
          "start": {
            "line": 43,
            "column": 6
          },
          "end": {
            "line": 49,
            "column": 7
          }
        },
        "type": "if",
        "locations": [
          {
            "start": {
              "line": 43,
              "column": 6
            },
            "end": {
              "line": 49,
              "column": 7
            }
          },
          {
            "start": {
              "line": 45,
              "column": 13
            },
            "end": {
              "line": 49,
              "column": 7
            }
          }
        ],
        "line": 43
      },
      "4": {
        "loc": {
          "start": {
            "line": 51,
            "column": 15
          },
          "end": {
            "line": 54,
            "column": 13
          }
        },
        "type": "cond-expr",
        "locations": [
          {
            "start": {
              "line": 51,
              "column": 56
            },
            "end": {
              "line": 54,
              "column": 9
            }
          },
          {
            "start": {
              "line": 54,
              "column": 12
            },
            "end": {
              "line": 54,
              "column": 13
            }
          }
        ],
        "line": 51
      },
      "5": {
        "loc": {
          "start": {
            "line": 51,
            "column": 15
          },
          "end": {
            "line": 51,
            "column": 53
          }
        },
        "type": "binary-expr",
        "locations": [
          {
            "start": {
[...]
            "column": 35
          },
          "end": {
            "line": 242,
            "column": 36
          }
        },
        "loc": {
          "start": {
            "line": 242,
            "column": 49
          },
          "end": {
            "line": 244,
            "column": 1
          }
        },
        "line": 242
      },
      "19": {
        "name": "(anonymous_19)",
        "decl": {
          "start": {
            "line": 245,
            "column": 23
          },
          "end": {
            "line": 245,
            "column": 24
          }
        },
        "loc": {
          "start": {
            "line": 245,
            "column": 32
          },
          "end": {
            "line": 253,
            "column": 1
          }
        },
        "line": 245
      }
    },
    "branchMap": {
      "0": {
        "loc": {
          "start": {
            "line": 43,
            "column": 25
          },
          "end": {
            "line": 43,
            "column": 177
          }
        },
        "type": "cond-expr",
        "locations": [
          {
            "start": {
              "line": 43,
              "column": 49
            },
            "end": {
              "line": 43,
              "column": 113
            }
          },
          {
            "start": {
              "line": 43,
              "column": 116
            },
            "end": {
              "line": 43,
              "column": 177
            }
          }
        ],
        "line": 43
      },
      "1": {
        "loc": {
          "start": {
            "line": 48,
            "column": 8
          },
          "end": {
            "line": 50,
            "column": 9
          }
        },
        "type": "if",
        "locations": [
          {
            "start": {
              "line": 48,
              "column": 8
            },
            "end": {
              "line": 50,
              "column": 9
            }
          },
          {
            "start": {},
            "end": {}
          }
        ],
        "line": 48
      },
      "2": {
        "loc": {
          "start": {
            "line": 64,
            "column": 6
          },
          "end": {
            "line": 67,
            "column": 7
          }
        },
        "type": "if",
        "locations": [
          {
            "start": {
              "line": 64,
              "column": 6
            },
            "end": {
              "line": 67,
              "column": 7
            }
          },
          {
            "start": {},
            "end": {}
          }
        ],
        "line": 64
      },
      "3": {
        "loc": {
          "start": {
            "line": 105,
            "column": 4
          },
          "end": {
            "line": 237,
            "column": 7
          }
        },
        "type": "cond-expr",
        "locations": [
          {
            "start": {
              "line": 105,
              "column": 24
            },
            "end": {
              "line": 187,
              "column": 6
            }
          },
          {
            "start": {
              "line": 187,
              "column": 11
            },
            "end": {
              "line": 237,
              "column": 6
            }
          }
        ],
        "line": 105
      },
      "4": {
        "loc": {
          "start": {
            "line": 110,
            "column": 20
          },
          "end": {
            "line": 110,
            "column": 103
          }
        },
        "type": "binary-expr",
        "locations": [
          {
            "start": {
              "line": 110,
              "column": 20
            },
            "end": {
              "line": 110,
              "column": 29
            }
          },
          {
            "start": {
              "line": 110,
              "column": 34
            },
            "end": {
              "line": 110,
              "column": 102
            }
          }
        ],
        "line": 110
      },
      "5": {
        "loc": {
          "start": {
            "line": 110,
            "column": 59
          },
          "end": {
            "line": 110,
            "column": 102
          }
        },
        "type": "binary-expr",
        "locations": [
          {
            "start": {
              "line": 110,
              "column": 59
            },
            "end": {
              "line": 110,
              "column": 74
            }
          },
          {
            "start": {
              "line": 110,
              "column": 78
            },
            "end": {
              "line": 110,
              "column": 102
            }
          }
        ],
        "line": 110
      },
      "6": {
        "loc": {
          "start": {
            "line": 117,
            "column": 35
          },
          "end": {
            "line": 117,
            "column": 102
          }
        },
        "type": "binary-expr",
        "locations": [
          {
            "start": {
              "line": 117,
              "column": 35
            },
            "end": {
              "line": 117,
              "column": 44
            }
          },
          {
            "start": {
              "line": 117,
              "column": 49
            },
            "end": {
              "line": 117,
              "column": 101
            }
          }
        ],
        "line": 117
      },
      "7": {
        "loc": {
          "start": {
            "line": 144,
            "column": 38
          },
          "end": {
            "line": 159,
            "column": 16
          }
        },
        "type": "binary-expr",
        "locations": [
          {
            "start": {
              "line": 144,
              "column": 38
            },
            "end": {
              "line": 144,
              "column": 47
            }
          },
          {
            "start": {
              "line": 144,
              "column": 52
            },
            "end": {
              "line": 159,
              "column": 15
            }
          }
        ],
        "line": 144
      },
      "8": {
        "loc": {
          "start": {
            "line": 164,
            "column": 24
          },
          "end": {
            "line": 164,
            "column": 88
          }
        },
        "type": "binary-expr",
        "locations": [
          {
            "start": {
              "line": 164,
              "column": 24
            },
            "end": {
              "line": 164,
              "column": 40
            }
          },
          {
            "start": {
              "line": 164,
              "column": 44
            },
            "end": {
              "line": 164,
              "column": 88
            }
          }
        ],
        "line": 164
      },
      "9": {
        "loc": {
          "start": {
            "line": 169,
            "column": 16
          },
          "end": {
            "line": 175,
            "column": 18
          }
        },
        "type": "binary-expr",
        "locations": [
          {
            "start": {
              "line": 169,
              "column": 16
            },
            "end": {
              "line": 169,
              "column": 25
            }
          },
          {
            "start": {
              "line": 169,
              "column": 30
            },
            "end": {
              "line": 175,
              "column": 17
            }
          }
        ],
        "line": 169
      },
      "10": {
        "loc": {
          "start": {
            "line": 177,
            "column": 16
          },
          "end": {
            "line": 177,
            "column": 147
          }
        },
        "type": "cond-expr",
        "locations": [
          {
            "start": {
              "line": 177,
              "column": 37
            },
            "end": {
              "line": 177,
              "column": 89
            }
          },
          {
            "start": {
              "line": 177,
              "column": 94
            },
            "end": {
              "line": 177,
              "column": 146
            }
          }
        ],
        "line": 177
      },
      "11": {
        "loc": {
          "start": {
            "line": 202,
            "column": 36
          },
          "end": {
            "line": 211,
            "column": 14
          }
        },
        "type": "binary-expr",
        "locations": [
          {
            "start": {
              "line": 202,
              "column": 36
            },
            "end": {
              "line": 202,
              "column": 45
            }
          },
          {
            "start": {
              "line": 202,
              "column": 50
            },
            "end": {
              "line": 211,
              "column": 13
            }
          }
        ],
        "line": 202
      },
      "12": {
        "loc": {
          "start": {
            "line": 220,
            "column": 36
          },
          "end": {
            "line": 229,
            "column": 14
          }
        },
        "type": "binary-expr",
        "locations": [
          {
            "start": {
              "line": 220,
              "column": 36
            },
            "end": {
              "line": 220,
              "column": 45
            }
          },
          {
            "start": {
              "line": 220,
              "column": 50
            },
            "end": {
              "line": 229,
              "column": 13
            }
          }
        ],
        "line": 220
      },
      "13": {
        "loc": {
          "start": {
            "line": 241,
            "column": 0
          },
          "end": {
            "line": 241,
            "column": 108
          }
        },
        "type": "binary-expr",
        "locations": [
          {
            "start": {
              "line": 241,
              "column": 0
            },
            "end": {
              "line": 241,
              "column": 42
            }
          },
          {
            "start": {
              "line": 241,
              "column": 46
            },
            "end": {
              "line": 241,
              "column": 108
            }
          }
        ],
        "line": 241
      },
      "14": {
        "loc": {
          "start": {
            "line": 246,
            "column": 2
          },
          "end": {
            "line": 246,
            "column": 19
          }
        },
        "type": "if",
        "locations": [
          {
            "start": {
              "line": 246,
              "column": 2
            },
            "end": {
              "line": 246,
              "column": 19
            }
          },
          {
            "start": {},
            "end": {}
          }
        ],
        "line": 246
      },
      "15": {
        "loc": {
          "start": {
            "line": 248,
            "column": 2
          },
          "end": {
            "line": 252,
            "column": 3
          }
        },
        "type": "if",
        "locations": [
          {
            "start": {
              "line": 248,
              "column": 2
            },
            "end": {
              "line": 252,
              "column": 3
            }
          },
          {
            "start": {
              "line": 250,
              "column": 9
            },
            "end": {
              "line": 252,
              "column": 3
            }
          }
        ],
        "line": 248
      }
    },
    "s": {
      "0": 5,
      "1": 14,
      "2": 14,
      "3": 14,
      "4": 14,
      "5": 14,
      "6": 14,
      "7": 14,
      "8": 14,
      "9": 14,
      "10": 14,
      "11": 9,
      "12": 9,
      "13": 9,
      "14": 9,
      "15": 3,
      "16": 3,
      "17": 3,
      "18": 3,
      "19": 3,
      "20": 0,
      "21": 0,
      "22": 0,
      "23": 0,
      "24": 3,
      "25": 3,
      "26": 14,
      "27": 3,
      "28": 0,
      "29": 14,
      "30": 3,
      "31": 0,
      "32": 0,
      "33": 3,
      "34": 14,
      "35": 468,
      "36": 180,
      "37": 14,
      "38": 14,
      "39": 5,
      "40": 5,
      "41": 5,
      "42": 5,
      "43": 5,
      "44": 5,
      "45": 5,
      "46": 5,
      "47": 197,
      "48": 3,
      "49": 79,
      "50": 9,
      "51": 16,
      "52": 54,
      "53": 9,
      "54": 9,
      "55": 5,
      "56": 5,
      "57": 5,
      "58": 5,
      "59": 5,
      "60": 0,
      "61": 0,
      "62": 0,
      "63": 0,
      "64": 0,
      "65": 0
    },
    "f": {
      "0": 14,
      "1": 9,
      "2": 9,
      "3": 3,
      "4": 3,
      "5": 3,
      "6": 0,
      "7": 3,
      "8": 468,
      "9": 180,
      "10": 197,
      "11": 3,
      "12": 79,
      "13": 9,
      "14": 16,
      "15": 54,
      "16": 9,
      "17": 9,
      "18": 5,
      "19": 0
    },
    "b": {
      "0": [
        0,
        3
      ],
      "1": [
        0,
        0
      ],
      "2": [
        0,
        3
      ],
      "3": [
        180,
        17
      ],
      "4": [
        180,
        9
      ],
      "5": [
        3,
        3
      ],
      "6": [
        180,
        9
      ],
      "7": [
        9,
        9
      ],
      "8": [
        180,
        180
      ],
      "9": [
        16,
        9
      ],
      "10": [
        16,
        0
      ],
      "11": [
        9,
        9
      ],
      "12": [
        9,
        9
      ],
      "13": [
        5,
        5
      ],
      "14": [
        0,
        0
      ],
      "15": [
        0,
        0
      ]
    },
    "inputSourceMap": {
      "version": 3,
      "mappings": ";AAEA,OAAO,kBAAkB;AACzB,SAAS,cAAc;AACvB,SAAS,0BAA0B;AACnC,SAAS,6BAA6B;AACtC,SAAS,sBAAsB;AAC/B,SAAS,eAAe;AACxB,SAAS,UAAU,WAAW;AAC9B,SAAS,QAAQ,cAAc;AAC/B,SAAS,aAAa;;;;;;;;;;AAStB,UAAM,OAAO;AAIb,UAAM,SAAS,OAAO;AAAA,MACpB,cAAc,OAAO,EAAE,IAAI,GAAG,sDAAsD,EAAE,SAAS,yCAAmC,EAAE,MAAM,mBAAmB;AAAA,IAC/J,CAAC;AAED,UAAM,EAAE,aAAa,cAAc,QAAQ,eAAe,cAAc,IAAI,QAAQ;AAAA,MAClF,kBAAkB;AAAA,IACpB,CAAC;AAED,UAAM,CAAC,YAAY,IAAI,YAAY,cAAc;AAEjD,UAAM,YAAY,IAAI,KAAK;AAC3B,UAAM,YAAY,IAAI,KAAK;AAE3B,UAAM,EAAE,eAAe,IAAI,mBAAmB;AAC9C,UAAM,EAAE,kBAAkB,IAAI,sBAAsB;AAEpD,UAAM,uBAAuB,IAAI;AAEjC,aAAS,eAAe;AACtB,oBAAc,gBAAgB,iBAAS,IAAI;AAC3C,gBAAU,QAAQ;AAClB,eAAS,MAAM;AACb,6BAAqB,OAAO,UAAU,MAAM;AAAA,MAC9C,CAAC;AAAA,IACH;AAEA,mBAAe,WAAW;AACxB,UAAI;AACF,kBAAU,QAAQ;AAClB,cAAM,WAAW,wBAAgB,MAAM,kBAAkB,aAAa,OAAO,iBAAS,EAAE,IAAI,MAAM,eAAe,aAAa,OAAO,iBAAS,EAAE;AAChJ,kBAAU,QAAQ;AAClB,eAAO;AAAA,MACT,SACO,KAAU;AACf,gBAAQ,MAAM,GAAG;AACjB,YAAI,KAAK,YAAY,2BAA2B;AAC9C,wBAAc,gBAAgB,0CAAuC;AAAA,QACvE;AAEA,cAAM;AAAA,MACR,UACA;AACE,kBAAU,QAAQ;AAAA,MACpB;AAAA,IACF;AAEA,aAAS,aAAa;AACpB,gBAAU,QAAQ;AAAA,IACpB;AAEA,mBAAe,sBAAsB,MAAM,WAAW,CAAC;AAEvD,mBAAe,aAAa;AAC1B,WAAK,UAAU,EAAE,UAAO,kBAAG,eAAY,sBAAE,CAAC;AAAA,IAC5C;AAEA,UAAM,WAAW,aAAa,MAAM;AAClC,UAAI,aAAa,UAAU,iBAAS,MAAM;AACxC,kBAAU,QAAQ;AAClB;AAAA,MACF;AACA,eAAS;AAAA,IACX,CAAC;;;;;;;;;;;qBAIM,OAAM,OAAM;;EAzFnB;AAAA,EA0F0B,OAAM;;;EASjB,IAAG;AAAA,EAAoB,OAAM;;qBAI/B,OAAM,iDAAgD;;EAvGnE;AAAA,EAsHmC,OAAM;;;EAtHzC;AAAA,EAuHwB,OAAM;;;EAvH9B;AAAA,EA4HgB,OAAM;;qBACb,OAAM,kBAAiB;;uBApC9B,oBAkDM,OAlDN,YAkDM;AAAA,IAjDO,kCAAX,oBAiCM,OAjCN,YAiCM;AAAA,MAhCJ;AAAA,QA+BO;AAAA;AAAA,UA/BD,OAAM;AAAA,UAAiB,UAAM,uCAAE;AAAA;;UACnC,aAME;AAAA,YALC,IAAI,gBAAS;AAAA,YACd,KAAI;AAAA,YA9Fd,YA+FwB;AAAA,YA/FxB,6DA+FwB,sBAAY;AAAA,YA/FpC,gBA+FU;AAAA,YACA,mBAAgB;AAAA,YAAwB,UAAU;AAAA,YAAW,MAAK;AAAA,YAAO,WAAU;AAAA,YAAI,WAAU;AAAA,YAAK,OAAM;AAAA,YAC3G,WAAO;AAAA,cAjGlB,yBAiGkC,iBAAQ;AAAA,cAjG1C,yBAiGkE,mBAAU;AAAA;;UAEpE;AAAA,YAEQ;AAAA,YAFR;AAAA,YAEQ,iBADH,cAAO,YAAY;AAAA;AAAA;AAAA;AAAA,UAGxB,oBAkBM,OAlBN,YAkBM;AAAA,YAjBJ,aAOS;AAAA,cANN,UAAU;AAAA,cACX,cAAW;AAAA,cACX,OAAM;AAAA,cAA+E,SAAO;AAAA;cA3GxG,kBA6GY,MAAqC;AAAA,gBAArC;AAAA,kBAAqC;AAAA,oBAA/B,OAAM,UAAS;AAAA,kBAAC;AAAA,kBAAQ;AAAA;AAAA;AAAA,gBAC9B;AAAA,kBAAoE;AAAA,oBAA/D,OAAM,uDAAsD;AAAA;AAAA;AAAA;AAAA;AAAA;cA9G7E;AAAA;AAAA;YAgHU,aAQS;AAAA,cAPN,UAAU,oBAAa,gBAAS,SAAS;AAAA,cAC1C,cAAW;AAAA,cAAS,OAAM;AAAA;cAlHtC,kBAoHY,MAAmC;AAAA,0CAAnC;AAAA,kBAAmC;AAAA,oBAA7B,OAAM,UAAS;AAAA,kBAAC;AAAA,kBAAM;AAAA;AAAA;AAAA,gBAC5B;AAAA,iBACY,kCAAZ,oBAAsF,OAAtF,UAAsF,oBACtF,oBAA2F,OAA3F,UAA2F;AAAA;cAvHvG;AAAA;AAAA;;;;;;yBA4HI,oBAcM,OAdN,YAcM;AAAA,MAbJ;AAAA,QAEI;AAAA,QAFJ;AAAA,QAEI,iBADC,gBAAS,IAAI;AAAA;AAAA;AAAA;AAAA,MAElB,aASe,0BATD,OAAM,YAAW;AAAA,QAhIrC,kBAiIQ,MAGS;AAAA,UAHT,aAGS;AAAA,YAHD,OAAM;AAAA,YAAyC,cAAW;AAAA,YAAY,SAAO;AAAA;YAjI7F,kBAkIU,MAA+C;AAAA,cAA/C;AAAA,gBAA+C;AAAA,kBAA1C,OAAM,kCAAiC;AAAA;AAAA;AAAA;AAAA;AAAA,cAlItD,iBAkIyD,YAEjD;AAAA;YApIR;AAAA;AAAA;UAqIQ,aAGS;AAAA,YAHD,OAAM;AAAA,YAAyC,cAAW;AAAA,YAAW,SAAO;AAAA;YArI5F,kBAsIU,MAA8C;AAAA,cAA9C;AAAA,gBAA8C;AAAA,kBAAzC,OAAM,iCAAgC;AAAA;AAAA;AAAA;AAAA;AAAA,cAtIrD,iBAsIwD,WAEhD;AAAA;YAxIR;AAAA;AAAA;;QAAA;AAAA;AAAA",
      "names": [],
      "ignoreList": [],
      "sources": [
        "/home/zeze/Documentos/personal/testes/teste-andrew/src/components/CategoryWidget/index.vue"
      ],
      "file": "/home/zeze/Documentos/personal/testes/teste-andrew/src/components/CategoryWidget/index.vue"
    },
    "_coverageSchema": "1a1c01bbd47fc00a2c39e90264f33305004495a9",
    "hash": "2a074dc42c5a8b6e1910d822ab47d2a2983b5dc2"
  },
  "/home/zeze/Documentos/personal/testes/teste-andrew/src/main.ts": {
    "path": "/home/zeze/Documentos/personal/testes/teste-andrew/src/main.ts",
    "statementMap": {},
    "fnMap": {},
    "branchMap": {},
    "s": {},
    "f": {},
    "b": {}
  },
  "/home/zeze/Documentos/personal/testes/teste-andrew/src/composables/useNavigate.ts": {
    "path": "/home/zeze/Documentos/personal/testes/teste-andrew/src/composables/useNavigate.ts",
    "statementMap": {},
    "fnMap": {},
    "branchMap": {},
    "s": {},
    "f": {},
    "b": {}
  },
  "/home/zeze/Documentos/personal/testes/teste-andrew/src/mock/categories.ts": {
    "path": "/home/zeze/Documentos/personal/testes/teste-andrew/src/mock/categories.ts",
    "statementMap": {},
    "fnMap": {},
    "branchMap": {},
    "s": {},
    "f": {},
    "b": {}
  },
  "/home/zeze/Documentos/personal/testes/teste-andrew/src/router/index.ts": {
    "path": "/home/zeze/Documentos/personal/testes/teste-andrew/src/router/index.ts",
    "statementMap": {},
    "fnMap": {},
    "branchMap": {},
    "s": {},
    "f": {},
    "b": {}
  },
  "/home/zeze/Documentos/personal/testes/teste-andrew/src/stores/loaderFullscreen.ts": {
    "path": "/home/zeze/Documentos/personal/testes/teste-andrew/src/stores/loaderFullscreen.ts",
    "statementMap": {},
    "fnMap": {},
    "branchMap": {},
    "s": {},
    "f": {},
    "b": {}
  },
  "/home/zeze/Documentos/personal/testes/teste-andrew/src/types/category.type.ts": {
    "path": "/home/zeze/Documentos/personal/testes/teste-andrew/src/types/category.type.ts",
    "statementMap": {},
    "fnMap": {},
    "branchMap": {},
    "s": {},
    "f": {},
    "b": {}
  },
  "/home/zeze/Documentos/personal/testes/teste-andrew/src/components/ui/accordion/index.ts": {
    "path": "/home/zeze/Documentos/personal/testes/teste-andrew/src/components/ui/accordion/index.ts",
    "statementMap": {},
    "fnMap": {},
    "branchMap": {},
    "s": {},
    "f": {},
    "b": {}
  },
  "/home/zeze/Documentos/personal/testes/teste-andrew/src/components/ui/alert-dialog/index.ts": {
    "path": "/home/zeze/Documentos/personal/testes/teste-andrew/src/components/ui/alert-dialog/index.ts",
    "statementMap": {},
    "fnMap": {},
    "branchMap": {},
    "s": {},
    "f": {},
    "b": {}
  },
  "/home/zeze/Documentos/personal/testes/teste-andrew/src/components/ui/toast/index.ts": {
    "path": "/home/zeze/Documentos/personal/testes/teste-andrew/src/components/ui/toast/index.ts",
    "statementMap": {},
    "fnMap": {},
    "branchMap": {},
    "s": {},
    "f": {},
    "b": {}
  }
}
