{"total": {"lines":{"total":288,"covered":100,"skipped":0,"pct":34.72},"statements":{"total":301,"covered":102,"skipped":0,"pct":33.88},"functions":{"total":76,"covered":28,"skipped":0,"pct":36.84},"branches":{"total":92,"covered":25,"skipped":0,"pct":27.17},"branchesTrue":{"total":0,"covered":0,"skipped":0,"pct":100}}
,"/home/zeze/Documentos/personal/testes/teste-andrew/src/main.ts": {"lines":{"total":0,"covered":0,"skipped":0,"pct":0},"functions":{"total":0,"covered":0,"skipped":0,"pct":0},"statements":{"total":0,"covered":0,"skipped":0,"pct":0},"branches":{"total":0,"covered":0,"skipped":0,"pct":0}}
,"/home/zeze/Documentos/personal/testes/teste-andrew/src/components/CategoryWidget/index.vue": {"lines":{"total":40,"covered":33,"skipped":0,"pct":82.5},"functions":{"total":13,"covered":12,"skipped":0,"pct":92.3},"statements":{"total":41,"covered":34,"skipped":0,"pct":82.92},"branches":{"total":23,"covered":19,"skipped":0,"pct":82.6}}
,"/home/zeze/Documentos/personal/testes/teste-andrew/src/components/ListIemMenu/index.vue": {"lines":{"total":3,"covered":3,"skipped":0,"pct":100},"functions":{"total":2,"covered":2,"skipped":0,"pct":100},"statements":{"total":3,"covered":3,"skipped":0,"pct":100},"branches":{"total":2,"covered":2,"skipped":0,"pct":100}}
,"/home/zeze/Documentos/personal/testes/teste-andrew/src/components/ui/accordion/index.ts": {"lines":{"total":0,"covered":0,"skipped":0,"pct":0},"functions":{"total":0,"covered":0,"skipped":0,"pct":0},"statements":{"total":0,"covered":0,"skipped":0,"pct":0},"branches":{"total":0,"covered":0,"skipped":0,"pct":0}}
,"/home/zeze/Documentos/personal/testes/teste-andrew/src/components/ui/alert-dialog/index.ts": {"lines":{"total":0,"covered":0,"skipped":0,"pct":0},"functions":{"total":0,"covered":0,"skipped":0,"pct":0},"statements":{"total":0,"covered":0,"skipped":0,"pct":0},"branches":{"total":0,"covered":0,"skipped":0,"pct":0}}
,"/home/zeze/Documentos/personal/testes/teste-andrew/src/components/ui/button/Button.vue": {"lines":{"total":3,"covered":3,"skipped":0,"pct":100},"functions":{"total":1,"covered":1,"skipped":0,"pct":100},"statements":{"total":3,"covered":3,"skipped":0,"pct":100},"branches":{"total":0,"covered":0,"skipped":0,"pct":100}}
,"/home/zeze/Documentos/personal/testes/teste-andrew/src/components/ui/button/index.ts": {"lines":{"total":1,"covered":1,"skipped":0,"pct":100},"functions":{"total":0,"covered":0,"skipped":0,"pct":100},"statements":{"total":1,"covered":1,"skipped":0,"pct":100},"branches":{"total":0,"covered":0,"skipped":0,"pct":100}}
,"/home/zeze/Documentos/personal/testes/teste-andrew/src/components/ui/input/Input.vue": {"lines":{"total":6,"covered":6,"skipped":0,"pct":100},"functions":{"total":1,"covered":1,"skipped":0,"pct":100},"statements":{"total":7,"covered":7,"skipped":0,"pct":100},"branches":{"total":2,"covered":2,"skipped":0,"pct":100}}
,"/home/zeze/Documentos/personal/testes/teste-andrew/src/components/ui/popover/Popover.vue": {"lines":{"total":4,"covered":4,"skipped":0,"pct":100},"functions":{"total":1,"covered":1,"skipped":0,"pct":100},"statements":{"total":4,"covered":4,"skipped":0,"pct":100},"branches":{"total":0,"covered":0,"skipped":0,"pct":100}}
,"/home/zeze/Documentos/personal/testes/teste-andrew/src/components/ui/popover/PopoverContent.vue": {"lines":{"total":8,"covered":8,"skipped":0,"pct":100},"functions":{"total":2,"covered":2,"skipped":0,"pct":100},"statements":{"total":8,"covered":8,"skipped":0,"pct":100},"branches":{"total":0,"covered":0,"skipped":0,"pct":100}}
,"/home/zeze/Documentos/personal/testes/teste-andrew/src/components/ui/popover/PopoverTrigger.vue": {"lines":{"total":2,"covered":2,"skipped":0,"pct":100},"functions":{"total":1,"covered":1,"skipped":0,"pct":100},"statements":{"total":2,"covered":2,"skipped":0,"pct":100},"branches":{"total":0,"covered":0,"skipped":0,"pct":100}}
,"/home/zeze/Documentos/personal/testes/teste-andrew/src/components/ui/toast/index.ts": {"lines":{"total":0,"covered":0,"skipped":0,"pct":0},"functions":{"total":0,"covered":0,"skipped":0,"pct":0},"statements":{"total":0,"covered":0,"skipped":0,"pct":0},"branches":{"total":0,"covered":0,"skipped":0,"pct":0}}
,"/home/zeze/Documentos/personal/testes/teste-andrew/src/components/ui/toast/use-toast.ts": {"lines":{"total":43,"covered":7,"skipped":0,"pct":16.27},"functions":{"total":15,"covered":1,"skipped":0,"pct":6.66},"statements":{"total":45,"covered":7,"skipped":0,"pct":15.55},"branches":{"total":16,"covered":0,"skipped":0,"pct":0}}
,"/home/zeze/Documentos/personal/testes/teste-andrew/src/composables/useMyToast.ts": {"lines":{"total":5,"covered":3,"skipped":0,"pct":60},"functions":{"total":2,"covered":1,"skipped":0,"pct":50},"statements":{"total":5,"covered":3,"skipped":0,"pct":60},"branches":{"total":2,"covered":0,"skipped":0,"pct":0}}
,"/home/zeze/Documentos/personal/testes/teste-andrew/src/composables/useNavigate.ts": {"lines":{"total":0,"covered":0,"skipped":0,"pct":0},"functions":{"total":0,"covered":0,"skipped":0,"pct":0},"statements":{"total":0,"covered":0,"skipped":0,"pct":0},"branches":{"total":0,"covered":0,"skipped":0,"pct":0}}
,"/home/zeze/Documentos/personal/testes/teste-andrew/src/lib/utils.ts": {"lines":{"total":1,"covered":1,"skipped":0,"pct":100},"functions":{"total":1,"covered":1,"skipped":0,"pct":100},"statements":{"total":1,"covered":1,"skipped":0,"pct":100},"branches":{"total":0,"covered":0,"skipped":0,"pct":100}}
,"/home/zeze/Documentos/personal/testes/teste-andrew/src/mock/categories.ts": {"lines":{"total":0,"covered":0,"skipped":0,"pct":0},"functions":{"total":0,"covered":0,"skipped":0,"pct":0},"statements":{"total":0,"covered":0,"skipped":0,"pct":0},"branches":{"total":0,"covered":0,"skipped":0,"pct":0}}
,"/home/zeze/Documentos/personal/testes/teste-andrew/src/router/index.ts": {"lines":{"total":0,"covered":0,"skipped":0,"pct":0},"functions":{"total":0,"covered":0,"skipped":0,"pct":0},"statements":{"total":0,"covered":0,"skipped":0,"pct":0},"branches":{"total":0,"covered":0,"skipped":0,"pct":0}}
,"/home/zeze/Documentos/personal/testes/teste-andrew/src/services/SubcategoriesService.ts": {"lines":{"total":16,"covered":2,"skipped":0,"pct":12.5},"functions":{"total":6,"covered":1,"skipped":0,"pct":16.66},"statements":{"total":16,"covered":2,"skipped":0,"pct":12.5},"branches":{"total":1,"covered":0,"skipped":0,"pct":0}}
,"/home/zeze/Documentos/personal/testes/teste-andrew/src/services/api.ts": {"lines":{"total":23,"covered":3,"skipped":0,"pct":13.04},"functions":{"total":7,"covered":1,"skipped":0,"pct":14.28},"statements":{"total":23,"covered":3,"skipped":0,"pct":13.04},"branches":{"total":5,"covered":0,"skipped":0,"pct":0}}
,"/home/zeze/Documentos/personal/testes/teste-andrew/src/services/categoriesService.ts": {"lines":{"total":6,"covered":1,"skipped":0,"pct":16.66},"functions":{"total":5,"covered":1,"skipped":0,"pct":20},"statements":{"total":6,"covered":1,"skipped":0,"pct":16.66},"branches":{"total":0,"covered":0,"skipped":0,"pct":100}}
,"/home/zeze/Documentos/personal/testes/teste-andrew/src/settings/index.ts": {"lines":{"total":3,"covered":3,"skipped":0,"pct":100},"functions":{"total":0,"covered":0,"skipped":0,"pct":100},"statements":{"total":3,"covered":3,"skipped":0,"pct":100},"branches":{"total":0,"covered":0,"skipped":0,"pct":100}}
,"/home/zeze/Documentos/personal/testes/teste-andrew/src/stores/categories.ts": {"lines":{"total":60,"covered":11,"skipped":0,"pct":18.33},"functions":{"total":9,"covered":1,"skipped":0,"pct":11.11},"statements":{"total":64,"covered":11,"skipped":0,"pct":17.18},"branches":{"total":19,"covered":1,"skipped":0,"pct":5.26}}
,"/home/zeze/Documentos/personal/testes/teste-andrew/src/stores/loaderFullscreen.ts": {"lines":{"total":0,"covered":0,"skipped":0,"pct":0},"functions":{"total":0,"covered":0,"skipped":0,"pct":0},"statements":{"total":0,"covered":0,"skipped":0,"pct":0},"branches":{"total":0,"covered":0,"skipped":0,"pct":0}}
,"/home/zeze/Documentos/personal/testes/teste-andrew/src/stores/subcategories.ts": {"lines":{"total":64,"covered":9,"skipped":0,"pct":14.06},"functions":{"total":10,"covered":1,"skipped":0,"pct":10},"statements":{"total":69,"covered":9,"skipped":0,"pct":13.04},"branches":{"total":22,"covered":1,"skipped":0,"pct":4.54}}
,"/home/zeze/Documentos/personal/testes/teste-andrew/src/types/category.type.ts": {"lines":{"total":0,"covered":0,"skipped":0,"pct":0},"functions":{"total":0,"covered":0,"skipped":0,"pct":0},"statements":{"total":0,"covered":0,"skipped":0,"pct":0},"branches":{"total":0,"covered":0,"skipped":0,"pct":0}}
}
