{"/home/zeze/Documentos/personal/testes/teste-andrew/src/main.ts": {"path":"/home/zeze/Documentos/personal/testes/teste-andrew/src/main.ts","statementMap":{},"fnMap":{},"branchMap":{},"s":{},"f":{},"b":{}}
,"/home/zeze/Documentos/personal/testes/teste-andrew/src/components/CategoryWidget/index.vue": {"path":"/home/zeze/Documentos/personal/testes/teste-andrew/src/components/CategoryWidget/index.vue","statementMap":{"0":{"start":{"line":20,"column":13},"end":{"line":20,"column":null}},"1":{"start":{"line":24,"column":15},"end":{"line":26,"column":null}},"2":{"start":{"line":28,"column":76},"end":{"line":30,"column":null}},"3":{"start":{"line":32,"column":23},"end":{"line":32,"column":null}},"4":{"start":{"line":34,"column":18},"end":{"line":34,"column":null}},"5":{"start":{"line":35,"column":18},"end":{"line":35,"column":null}},"6":{"start":{"line":37,"column":27},"end":{"line":37,"column":null}},"7":{"start":{"line":38,"column":30},"end":{"line":38,"column":null}},"8":{"start":{"line":40,"column":29},"end":{"line":40,"column":null}},"9":{"start":{"line":43,"column":2},"end":{"line":43,"column":null}},"10":{"start":{"line":44,"column":2},"end":{"line":44,"column":null}},"11":{"start":{"line":45,"column":2},"end":{"line":47,"column":null}},"12":{"start":{"line":46,"column":4},"end":{"line":46,"column":null}},"13":{"start":{"line":51,"column":2},"end":{"line":67,"column":null}},"14":{"start":{"line":52,"column":4},"end":{"line":52,"column":null}},"15":{"start":{"line":53,"column":21},"end":{"line":53,"column":null}},"16":{"start":{"line":54,"column":4},"end":{"line":54,"column":null}},"17":{"start":{"line":55,"column":4},"end":{"line":55,"column":null}},"18":{"start":{"line":58,"column":4},"end":{"line":58,"column":null}},"19":{"start":{"line":59,"column":4},"end":{"line":61,"column":null}},"20":{"start":{"line":60,"column":6},"end":{"line":60,"column":null}},"21":{"start":{"line":63,"column":4},"end":{"line":63,"column":null}},"22":{"start":{"line":66,"column":4},"end":{"line":66,"column":null}},"23":{"start":{"line":71,"column":2},"end":{"line":71,"column":null}},"24":{"start":{"line":74,"column":0},"end":{"line":74,"column":null}},"25":{"start":{"line":74,"column":43},"end":{"line":74,"column":55}},"26":{"start":{"line":77,"column":2},"end":{"line":77,"column":null}},"27":{"start":{"line":80,"column":17},"end":{"line":86,"column":null}},"28":{"start":{"line":81,"column":2},"end":{"line":84,"column":null}},"29":{"start":{"line":82,"column":4},"end":{"line":82,"column":null}},"30":{"start":{"line":83,"column":4},"end":{"line":83,"column":null}},"31":{"start":{"line":85,"column":2},"end":{"line":85,"column":null}},"32":{"start":{"line":90,"column":7},"end":{"line":90,"column":null}},"33":{"start":{"line":104,"column":13},"end":{"line":104,"column":null}},"34":{"start":{"line":126,"column":9},"end":{"line":126,"column":null}},"35":{"start":{"line":92,"column":43},"end":{"line":92,"column":null}},"36":{"start":{"line":96,"column":24},"end":{"line":96,"column":null}},"37":{"start":{"line":110,"column":49},"end":{"line":111,"column":80}},"38":{"start":{"line":117,"column":47},"end":{"line":120,"column":null}},"39":{"start":{"line":131,"column":57},"end":{"line":133,"column":17}},"40":{"start":{"line":135,"column":56},"end":{"line":137,"column":17}}},"fnMap":{"0":{"name":"startEditing","decl":{"start":{"line":42,"column":9},"end":{"line":42,"column":24}},"loc":{"start":{"line":42,"column":24},"end":{"line":48,"column":null}}},"1":{"name":"(anonymous_2)","decl":{"start":{"line":45,"column":11},"end":{"line":45,"column":17}},"loc":{"start":{"line":45,"column":17},"end":{"line":47,"column":3}}},"2":{"name":"saveEdit","decl":{"start":{"line":50,"column":15},"end":{"line":50,"column":26}},"loc":{"start":{"line":50,"column":26},"end":{"line":68,"column":null}}},"3":{"name":"cancelEdit","decl":{"start":{"line":70,"column":9},"end":{"line":70,"column":22}},"loc":{"start":{"line":70,"column":22},"end":{"line":72,"column":null}}},"4":{"name":"(anonymous_5)","decl":{"start":{"line":74,"column":37},"end":{"line":74,"column":43}},"loc":{"start":{"line":74,"column":43},"end":{"line":74,"column":55}}},"5":{"name":"deleteItem","decl":{"start":{"line":76,"column":15},"end":{"line":76,"column":28}},"loc":{"start":{"line":76,"column":28},"end":{"line":78,"column":null}}},"6":{"name":"(anonymous_7)","decl":{"start":{"line":80,"column":30},"end":{"line":80,"column":36}},"loc":{"start":{"line":80,"column":36},"end":{"line":86,"column":1}}},"7":{"name":"(anonymous_11)","decl":{"start":{"line":92,"column":41},"end":{"line":92,"column":43}},"loc":{"start":{"line":92,"column":43},"end":{"line":92,"column":null}}},"8":{"name":"(anonymous_12)","decl":{"start":{"line":1,"column":0},"end":{"line":1,"column":null}},"loc":{"start":{"line":96,"column":24},"end":{"line":96,"column":null}}},"9":{"name":"(anonymous_13)","decl":{"start":{"line":110,"column":12},"end":{"line":110,"column":18}},"loc":{"start":{"line":110,"column":49},"end":{"line":111,"column":80}}},"10":{"name":"(anonymous_14)","decl":{"start":{"line":117,"column":12},"end":{"line":117,"column":18}},"loc":{"start":{"line":117,"column":47},"end":{"line":120,"column":null}}},"11":{"name":"(anonymous_16)","decl":{"start":{"line":131,"column":10},"end":{"line":131,"column":15}},"loc":{"start":{"line":131,"column":57},"end":{"line":133,"column":17}}},"12":{"name":"(anonymous_17)","decl":{"start":{"line":135,"column":10},"end":{"line":135,"column":15}},"loc":{"start":{"line":135,"column":56},"end":{"line":137,"column":17}}}},"branchMap":{"0":{"loc":{"start":{"line":53,"column":21},"end":{"line":53,"column":null}},"type":"cond-expr","locations":[{"start":{"line":53,"column":37},"end":{"line":53,"column":96}},{"start":{"line":53,"column":96},"end":{"line":53,"column":null}}]},"1":{"loc":{"start":{"line":59,"column":4},"end":{"line":61,"column":null}},"type":"if","locations":[{"start":{"line":59,"column":4},"end":{"line":61,"column":null}}]},"2":{"loc":{"start":{"line":81,"column":2},"end":{"line":84,"column":null}},"type":"if","locations":[{"start":{"line":81,"column":2},"end":{"line":84,"column":null}}]},"3":{"loc":{"start":{"line":91,"column":15},"end":{"line":125,"column":16}},"type":"cond-expr","locations":[{"start":{"line":91,"column":15},"end":{"line":125,"column":16}}]},"4":{"loc":{"start":{"line":92,"column":41},"end":{"line":92,"column":null}},"type":"binary-expr","locations":[{"start":{"line":92,"column":41},"end":{"line":92,"column":43}},{"start":{"line":92,"column":41},"end":{"line":92,"column":null}}]},"5":{"loc":{"start":{"line":92,"column":43},"end":{"line":92,"column":null}},"type":"binary-expr","locations":[{"start":{"line":92,"column":43},"end":{"line":92,"column":null}},{"start":{"line":92,"column":43},"end":{"line":92,"column":null}}]},"6":{"loc":{"start":{"line":1,"column":0},"end":{"line":96,"column":null}},"type":"binary-expr","locations":[{"start":{"line":1,"column":0},"end":{"line":1,"column":null}},{"start":{"line":1,"column":0},"end":{"line":96,"column":null}}]},"7":{"loc":{"start":{"line":110,"column":49},"end":{"line":111,"column":80}},"type":"binary-expr","locations":[{"start":{"line":110,"column":49},"end":{"line":110,"column":null}},{"start":{"line":110,"column":49},"end":{"line":111,"column":80}}]},"8":{"loc":{"start":{"line":114,"column":23},"end":{"line":114,"column":null}},"type":"binary-expr","locations":[{"start":{"line":114,"column":23},"end":{"line":114,"column":36}},{"start":{"line":114,"column":36},"end":{"line":114,"column":null}}]},"9":{"loc":{"start":{"line":117,"column":47},"end":{"line":null,"column":-1}},"type":"binary-expr","locations":[{"start":{"line":117,"column":47},"end":{"line":117,"column":null}},{"start":{"line":117,"column":47},"end":{"line":null,"column":-1}}]},"10":{"loc":{"start":{"line":118,"column":12},"end":{"line":120,"column":null}},"type":"cond-expr","locations":[{"start":{"line":119,"column":24},"end":{"line":119,"column":null}},{"start":{"line":119,"column":98},"end":{"line":120,"column":null}}]},"11":{"loc":{"start":{"line":131,"column":57},"end":{"line":133,"column":17}},"type":"binary-expr","locations":[{"start":{"line":131,"column":57},"end":{"line":131,"column":null}},{"start":{"line":131,"column":57},"end":{"line":133,"column":17}}]},"12":{"loc":{"start":{"line":135,"column":56},"end":{"line":137,"column":17}},"type":"binary-expr","locations":[{"start":{"line":135,"column":56},"end":{"line":135,"column":null}},{"start":{"line":135,"column":56},"end":{"line":137,"column":17}}]}},"s":{"0":14,"1":14,"2":14,"3":14,"4":14,"5":14,"6":14,"7":14,"8":14,"9":9,"10":9,"11":9,"12":9,"13":3,"14":3,"15":3,"16":3,"17":3,"18":0,"19":0,"20":0,"21":0,"22":3,"23":3,"24":14,"25":3,"26":0,"27":14,"28":3,"29":0,"30":0,"31":3,"32":5,"33":5,"34":5,"35":3,"36":79,"37":9,"38":16,"39":9,"40":9},"f":{"0":9,"1":9,"2":3,"3":3,"4":3,"5":0,"6":3,"7":3,"8":79,"9":9,"10":16,"11":9,"12":9},"b":{"0":[0,3],"1":[0],"2":[0],"3":[180],"4":[180,9],"5":[3,3],"6":[180,9],"7":[9,9],"8":[180,180],"9":[16,9],"10":[16,0],"11":[9,9],"12":[9,9]}}
,"/home/zeze/Documentos/personal/testes/teste-andrew/src/components/ListIemMenu/index.vue": {"path":"/home/zeze/Documentos/personal/testes/teste-andrew/src/components/ListIemMenu/index.vue","statementMap":{"0":{"start":{"line":12,"column":2},"end":{"line":1,"column":null}},"1":{"start":{"line":15,"column":57},"end":{"line":16,"column":46}},"2":{"start":{"line":21,"column":14},"end":{"line":21,"column":null}}},"fnMap":{"0":{"name":"(anonymous_8)","decl":{"start":{"line":15,"column":8},"end":{"line":15,"column":11}},"loc":{"start":{"line":15,"column":57},"end":{"line":16,"column":46}}},"1":{"name":"(anonymous_9)","decl":{"start":{"line":21,"column":6},"end":{"line":21,"column":14}},"loc":{"start":{"line":21,"column":14},"end":{"line":21,"column":null}}}},"branchMap":{"0":{"loc":{"start":{"line":15,"column":57},"end":{"line":16,"column":46}},"type":"binary-expr","locations":[{"start":{"line":15,"column":57},"end":{"line":15,"column":null}},{"start":{"line":15,"column":57},"end":{"line":16,"column":46}}]}},"s":{"0":17,"1":26,"2":54},"f":{"0":26,"1":54},"b":{"0":[26,17]}}
,"/home/zeze/Documentos/personal/testes/teste-andrew/src/components/ui/accordion/index.ts": {"path":"/home/zeze/Documentos/personal/testes/teste-andrew/src/components/ui/accordion/index.ts","statementMap":{},"fnMap":{},"branchMap":{},"s":{},"f":{},"b":{}}
,"/home/zeze/Documentos/personal/testes/teste-andrew/src/components/ui/alert-dialog/index.ts": {"path":"/home/zeze/Documentos/personal/testes/teste-andrew/src/components/ui/alert-dialog/index.ts","statementMap":{},"fnMap":{},"branchMap":{},"s":{},"f":{},"b":{}}
,"/home/zeze/Documentos/personal/testes/teste-andrew/src/components/ui/button/Button.vue": {"path":"/home/zeze/Documentos/personal/testes/teste-andrew/src/components/ui/button/Button.vue","statementMap":{"0":{"start":{"line":13,"column":14},"end":{"line":13,"column":null}},"1":{"start":{"line":19,"column":2},"end":{"line":1,"column":null}},"2":{"start":{"line":24,"column":12},"end":{"line":24,"column":null}}},"fnMap":{"0":{"name":"(anonymous_5)","decl":{"start":{"line":24,"column":4},"end":{"line":24,"column":12}},"loc":{"start":{"line":24,"column":12},"end":{"line":24,"column":null}}}},"branchMap":{},"s":{"0":53,"1":69,"2":69},"f":{"0":69},"b":{}}
,"/home/zeze/Documentos/personal/testes/teste-andrew/src/components/ui/button/index.ts": {"path":"/home/zeze/Documentos/personal/testes/teste-andrew/src/components/ui/button/index.ts","statementMap":{"0":{"start":{"line":5,"column":30},"end":{"line":33,"column":null}}},"fnMap":{},"branchMap":{},"s":{"0":5},"f":{},"b":{}}
,"/home/zeze/Documentos/personal/testes/teste-andrew/src/components/ui/input/Input.vue": {"path":"/home/zeze/Documentos/personal/testes/teste-andrew/src/components/ui/input/Input.vue","statementMap":{"0":{"start":{"line":6,"column":14},"end":{"line":6,"column":null}},"1":{"start":{"line":12,"column":14},"end":{"line":12,"column":null}},"2":{"start":{"line":16,"column":19},"end":{"line":19,"column":null}},"3":{"start":{"line":21,"column":17},"end":{"line":21,"column":null}},"4":{"start":{"line":22,"column":0},"end":{"line":22,"column":null}},"5":{"start":{"line":26,"column":2},"end":{"line":26,"column":46}},"6":{"start":{"line":26,"column":33},"end":{"line":26,"column":46}}},"fnMap":{"0":{"name":"(anonymous_3)","decl":{"start":{"line":1,"column":0},"end":{"line":1,"column":null}},"loc":{"start":{"line":26,"column":33},"end":{"line":26,"column":46}}}},"branchMap":{"0":{"loc":{"start":{"line":1,"column":0},"end":{"line":26,"column":46}},"type":"binary-expr","locations":[{"start":{"line":1,"column":0},"end":{"line":1,"column":null}},{"start":{"line":1,"column":0},"end":{"line":26,"column":46}}]}},"s":{"0":9,"1":9,"2":9,"3":9,"4":9,"5":185,"6":79},"f":{"0":79},"b":{"0":[185,9]}}
,"/home/zeze/Documentos/personal/testes/teste-andrew/src/components/ui/popover/Popover.vue": {"path":"/home/zeze/Documentos/personal/testes/teste-andrew/src/components/ui/popover/Popover.vue","statementMap":{"0":{"start":{"line":5,"column":14},"end":{"line":5,"column":null}},"1":{"start":{"line":6,"column":14},"end":{"line":6,"column":null}},"2":{"start":{"line":8,"column":18},"end":{"line":8,"column":null}},"3":{"start":{"line":13,"column":12},"end":{"line":13,"column":null}}},"fnMap":{"0":{"name":"(anonymous_3)","decl":{"start":{"line":13,"column":4},"end":{"line":13,"column":12}},"loc":{"start":{"line":13,"column":12},"end":{"line":13,"column":null}}}},"branchMap":{},"s":{"0":17,"1":17,"2":17,"3":26},"f":{"0":26},"b":{}}
,"/home/zeze/Documentos/personal/testes/teste-andrew/src/components/ui/popover/PopoverContent.vue": {"path":"/home/zeze/Documentos/personal/testes/teste-andrew/src/components/ui/popover/PopoverContent.vue","statementMap":{"0":{"start":{"line":16,"column":14},"end":{"line":16,"column":null}},"1":{"start":{"line":23,"column":14},"end":{"line":23,"column":null}},"2":{"start":{"line":25,"column":23},"end":{"line":29,"column":null}},"3":{"start":{"line":26,"column":37},"end":{"line":26,"column":null}},"4":{"start":{"line":28,"column":2},"end":{"line":28,"column":null}},"5":{"start":{"line":31,"column":18},"end":{"line":31,"column":null}},"6":{"start":{"line":35,"column":2},"end":{"line":1,"column":null}},"7":{"start":{"line":45,"column":14},"end":{"line":45,"column":null}}},"fnMap":{"0":{"name":"(anonymous_1)","decl":{"start":{"line":25,"column":32},"end":{"line":25,"column":38}},"loc":{"start":{"line":25,"column":38},"end":{"line":29,"column":1}}},"1":{"name":"(anonymous_7)","decl":{"start":{"line":45,"column":6},"end":{"line":45,"column":14}},"loc":{"start":{"line":45,"column":14},"end":{"line":45,"column":null}}}},"branchMap":{},"s":{"0":17,"1":17,"2":17,"3":17,"4":17,"5":17,"6":17,"7":54},"f":{"0":17,"1":54},"b":{}}
,"/home/zeze/Documentos/personal/testes/teste-andrew/src/components/ui/popover/PopoverTrigger.vue": {"path":"/home/zeze/Documentos/personal/testes/teste-andrew/src/components/ui/popover/PopoverTrigger.vue","statementMap":{"0":{"start":{"line":4,"column":14},"end":{"line":4,"column":null}},"1":{"start":{"line":9,"column":12},"end":{"line":9,"column":null}}},"fnMap":{"0":{"name":"(anonymous_3)","decl":{"start":{"line":9,"column":4},"end":{"line":9,"column":12}},"loc":{"start":{"line":9,"column":12},"end":{"line":9,"column":null}}}},"branchMap":{},"s":{"0":17,"1":26},"f":{"0":26},"b":{}}
,"/home/zeze/Documentos/personal/testes/teste-andrew/src/components/ui/toast/index.ts": {"path":"/home/zeze/Documentos/personal/testes/teste-andrew/src/components/ui/toast/index.ts","statementMap":{},"fnMap":{},"branchMap":{},"s":{},"f":{},"b":{}}
,"/home/zeze/Documentos/personal/testes/teste-andrew/src/components/ui/toast/use-toast.ts": {"path":"/home/zeze/Documentos/personal/testes/teste-andrew/src/components/ui/toast/use-toast.ts","statementMap":{"0":{"start":{"line":5,"column":20},"end":{"line":5,"column":null}},"1":{"start":{"line":6,"column":27},"end":{"line":6,"column":null}},"2":{"start":{"line":20,"column":20},"end":{"line":25,"column":null}},"3":{"start":{"line":27,"column":12},"end":{"line":27,"column":null}},"4":{"start":{"line":30,"column":2},"end":{"line":30,"column":null}},"5":{"start":{"line":31,"column":2},"end":{"line":31,"column":null}},"6":{"start":{"line":58,"column":22},"end":{"line":58,"column":null}},"7":{"start":{"line":61,"column":2},"end":{"line":62,"column":null}},"8":{"start":{"line":62,"column":4},"end":{"line":62,"column":null}},"9":{"start":{"line":64,"column":18},"end":{"line":70,"column":null}},"10":{"start":{"line":65,"column":4},"end":{"line":65,"column":null}},"11":{"start":{"line":66,"column":4},"end":{"line":69,"column":null}},"12":{"start":{"line":72,"column":2},"end":{"line":72,"column":null}},"13":{"start":{"line":75,"column":14},"end":{"line":77,"column":null}},"14":{"start":{"line":80,"column":2},"end":{"line":121,"column":null}},"15":{"start":{"line":82,"column":6},"end":{"line":82,"column":null}},"16":{"start":{"line":83,"column":6},"end":{"line":83,"column":null}},"17":{"start":{"line":86,"column":6},"end":{"line":88,"column":null}},"18":{"start":{"line":87,"column":8},"end":{"line":87,"column":null}},"19":{"start":{"line":89,"column":6},"end":{"line":89,"column":null}},"20":{"start":{"line":92,"column":26},"end":{"line":92,"column":null}},"21":{"start":{"line":94,"column":6},"end":{"line":101,"column":null}},"22":{"start":{"line":95,"column":8},"end":{"line":95,"column":null}},"23":{"start":{"line":98,"column":8},"end":{"line":100,"column":null}},"24":{"start":{"line":99,"column":10},"end":{"line":99,"column":null}},"25":{"start":{"line":103,"column":6},"end":{"line":110,"column":null}},"26":{"start":{"line":104,"column":8},"end":{"line":109,"column":null}},"27":{"start":{"line":111,"column":6},"end":{"line":111,"column":null}},"28":{"start":{"line":115,"column":6},"end":{"line":118,"column":null}},"29":{"start":{"line":116,"column":8},"end":{"line":116,"column":null}},"30":{"start":{"line":118,"column":8},"end":{"line":118,"column":null}},"31":{"start":{"line":118,"column":60},"end":{"line":118,"column":83}},"32":{"start":{"line":120,"column":6},"end":{"line":120,"column":null}},"33":{"start":{"line":125,"column":2},"end":{"line":129,"column":null}},"34":{"start":{"line":126,"column":27},"end":{"line":126,"column":45}},"35":{"start":{"line":128,"column":35},"end":{"line":128,"column":null}},"36":{"start":{"line":135,"column":13},"end":{"line":135,"column":null}},"37":{"start":{"line":137,"column":17},"end":{"line":141,"column":null}},"38":{"start":{"line":138,"column":4},"end":{"line":141,"column":null}},"39":{"start":{"line":143,"column":18},"end":{"line":143,"column":null}},"40":{"start":{"line":143,"column":24},"end":{"line":143,"column":null}},"41":{"start":{"line":145,"column":2},"end":{"line":156,"column":null}},"42":{"start":{"line":152,"column":8},"end":{"line":153,"column":null}},"43":{"start":{"line":153,"column":10},"end":{"line":153,"column":null}},"44":{"start":{"line":158,"column":2},"end":{"line":162,"column":null}}},"fnMap":{"0":{"name":"genId","decl":{"start":{"line":29,"column":9},"end":{"line":29,"column":17}},"loc":{"start":{"line":29,"column":17},"end":{"line":32,"column":null}}},"1":{"name":"addToRemoveQueue","decl":{"start":{"line":60,"column":9},"end":{"line":60,"column":26}},"loc":{"start":{"line":60,"column":43},"end":{"line":73,"column":null}}},"2":{"name":"(anonymous_2)","decl":{"start":{"line":64,"column":29},"end":{"line":64,"column":35}},"loc":{"start":{"line":64,"column":35},"end":{"line":70,"column":5}}},"3":{"name":"dispatch","decl":{"start":{"line":79,"column":9},"end":{"line":79,"column":18}},"loc":{"start":{"line":79,"column":34},"end":{"line":122,"column":null}}},"4":{"name":"(anonymous_4)","decl":{"start":{"line":86,"column":50},"end":{"line":86,"column":null}},"loc":{"start":{"line":87,"column":8},"end":{"line":87,"column":null}}},"5":{"name":"(anonymous_5)","decl":{"start":{"line":98,"column":35},"end":{"line":98,"column":36}},"loc":{"start":{"line":98,"column":46},"end":{"line":100,"column":9}}},"6":{"name":"(anonymous_6)","decl":{"start":{"line":103,"column":50},"end":{"line":103,"column":null}},"loc":{"start":{"line":104,"column":8},"end":{"line":109,"column":null}}},"7":{"name":"(anonymous_7)","decl":{"start":{"line":118,"column":55},"end":{"line":118,"column":60}},"loc":{"start":{"line":118,"column":60},"end":{"line":118,"column":83}}},"8":{"name":"useToast","decl":{"start":{"line":124,"column":9},"end":{"line":124,"column":20}},"loc":{"start":{"line":124,"column":20},"end":{"line":130,"column":null}}},"9":{"name":"(anonymous_9)","decl":{"start":{"line":126,"column":21},"end":{"line":126,"column":27}},"loc":{"start":{"line":126,"column":27},"end":{"line":126,"column":45}}},"10":{"name":"(anonymous_10)","decl":{"start":{"line":128,"column":13},"end":{"line":128,"column":14}},"loc":{"start":{"line":128,"column":35},"end":{"line":128,"column":null}}},"11":{"name":"toast","decl":{"start":{"line":134,"column":9},"end":{"line":134,"column":15}},"loc":{"start":{"line":134,"column":29},"end":{"line":163,"column":null}}},"12":{"name":"(anonymous_12)","decl":{"start":{"line":137,"column":17},"end":{"line":137,"column":18}},"loc":{"start":{"line":138,"column":4},"end":{"line":141,"column":null}}},"13":{"name":"(anonymous_13)","decl":{"start":{"line":143,"column":18},"end":{"line":143,"column":24}},"loc":{"start":{"line":143,"column":24},"end":{"line":143,"column":null}}},"14":{"name":"(anonymous_14)","decl":{"start":{"line":151,"column":20},"end":{"line":151,"column":21}},"loc":{"start":{"line":151,"column":39},"end":{"line":154,"column":null}}}},"branchMap":{"0":{"loc":{"start":{"line":61,"column":2},"end":{"line":62,"column":null}},"type":"if","locations":[{"start":{"line":61,"column":2},"end":{"line":62,"column":null}}]},"1":{"loc":{"start":{"line":80,"column":2},"end":{"line":121,"column":null}},"type":"switch","locations":[{"start":{"line":81,"column":4},"end":{"line":83,"column":null}},{"start":{"line":85,"column":4},"end":{"line":89,"column":null}},{"start":{"line":91,"column":4},"end":{"line":112,"column":null}},{"start":{"line":114,"column":4},"end":{"line":120,"column":null}}]},"2":{"loc":{"start":{"line":87,"column":8},"end":{"line":87,"column":null}},"type":"cond-expr","locations":[{"start":{"line":87,"column":35},"end":{"line":87,"column":63}},{"start":{"line":87,"column":63},"end":{"line":87,"column":null}}]},"3":{"loc":{"start":{"line":94,"column":6},"end":{"line":101,"column":null}},"type":"if","locations":[{"start":{"line":94,"column":6},"end":{"line":101,"column":null}},{"start":{"line":97,"column":11},"end":{"line":101,"column":null}}]},"4":{"loc":{"start":{"line":104,"column":8},"end":{"line":109,"column":null}},"type":"cond-expr","locations":[{"start":{"line":105,"column":12},"end":{"line":108,"column":null}},{"start":{"line":109,"column":12},"end":{"line":109,"column":null}}]},"5":{"loc":{"start":{"line":104,"column":8},"end":{"line":104,"column":null}},"type":"binary-expr","locations":[{"start":{"line":104,"column":8},"end":{"line":104,"column":28}},{"start":{"line":104,"column":28},"end":{"line":104,"column":null}}]},"6":{"loc":{"start":{"line":115,"column":6},"end":{"line":118,"column":null}},"type":"if","locations":[{"start":{"line":115,"column":6},"end":{"line":118,"column":null}},{"start":{"line":118,"column":8},"end":{"line":118,"column":null}}]},"7":{"loc":{"start":{"line":152,"column":8},"end":{"line":153,"column":null}},"type":"if","locations":[{"start":{"line":152,"column":8},"end":{"line":153,"column":null}}]}},"s":{"0":5,"1":5,"2":5,"3":5,"4":0,"5":0,"6":5,"7":0,"8":0,"9":0,"10":0,"11":0,"12":0,"13":5,"14":0,"15":0,"16":0,"17":0,"18":0,"19":0,"20":0,"21":0,"22":0,"23":0,"24":0,"25":0,"26":0,"27":0,"28":0,"29":0,"30":0,"31":0,"32":0,"33":28,"34":0,"35":0,"36":0,"37":0,"38":0,"39":0,"40":0,"41":0,"42":0,"43":0,"44":0},"f":{"0":0,"1":0,"2":0,"3":0,"4":0,"5":0,"6":0,"7":0,"8":28,"9":0,"10":0,"11":0,"12":0,"13":0,"14":0},"b":{"0":[0],"1":[0,0,0,0],"2":[0,0],"3":[0,0],"4":[0,0],"5":[0,0],"6":[0,0],"7":[0]}}
,"/home/zeze/Documentos/personal/testes/teste-andrew/src/composables/useMyToast.ts": {"path":"/home/zeze/Documentos/personal/testes/teste-andrew/src/composables/useMyToast.ts","statementMap":{"0":{"start":{"line":9,"column":20},"end":{"line":9,"column":null}},"1":{"start":{"line":11,"column":20},"end":{"line":18,"column":null}},"2":{"start":{"line":12,"column":37},"end":{"line":15,"column":null}},"3":{"start":{"line":17,"column":4},"end":{"line":17,"column":null}},"4":{"start":{"line":20,"column":2},"end":{"line":20,"column":null}}},"fnMap":{"0":{"name":"useMyToast","decl":{"start":{"line":8,"column":16},"end":{"line":8,"column":29}},"loc":{"start":{"line":8,"column":29},"end":{"line":21,"column":null}}},"1":{"name":"(anonymous_1)","decl":{"start":{"line":11,"column":20},"end":{"line":11,"column":21}},"loc":{"start":{"line":11,"column":47},"end":{"line":18,"column":null}}}},"branchMap":{"0":{"loc":{"start":{"line":14,"column":15},"end":{"line":14,"column":null}},"type":"binary-expr","locations":[{"start":{"line":14,"column":15},"end":{"line":14,"column":34}},{"start":{"line":14,"column":34},"end":{"line":14,"column":null}}]}},"s":{"0":28,"1":28,"2":0,"3":0,"4":28},"f":{"0":28,"1":0},"b":{"0":[0,0]}}
,"/home/zeze/Documentos/personal/testes/teste-andrew/src/composables/useNavigate.ts": {"path":"/home/zeze/Documentos/personal/testes/teste-andrew/src/composables/useNavigate.ts","statementMap":{},"fnMap":{},"branchMap":{},"s":{},"f":{},"b":{}}
,"/home/zeze/Documentos/personal/testes/teste-andrew/src/lib/utils.ts": {"path":"/home/zeze/Documentos/personal/testes/teste-andrew/src/lib/utils.ts","statementMap":{"0":{"start":{"line":5,"column":2},"end":{"line":5,"column":null}}},"fnMap":{"0":{"name":"cn","decl":{"start":{"line":4,"column":16},"end":{"line":4,"column":22}},"loc":{"start":{"line":4,"column":44},"end":{"line":6,"column":null}}}},"branchMap":{},"s":{"0":271},"f":{"0":271},"b":{}}
,"/home/zeze/Documentos/personal/testes/teste-andrew/src/mock/categories.ts": {"path":"/home/zeze/Documentos/personal/testes/teste-andrew/src/mock/categories.ts","statementMap":{},"fnMap":{},"branchMap":{},"s":{},"f":{},"b":{}}
,"/home/zeze/Documentos/personal/testes/teste-andrew/src/router/index.ts": {"path":"/home/zeze/Documentos/personal/testes/teste-andrew/src/router/index.ts","statementMap":{},"fnMap":{},"branchMap":{},"s":{},"f":{},"b":{}}
,"/home/zeze/Documentos/personal/testes/teste-andrew/src/services/SubcategoriesService.ts": {"path":"/home/zeze/Documentos/personal/testes/teste-andrew/src/services/SubcategoriesService.ts","statementMap":{"0":{"start":{"line":6,"column":28},"end":{"line":6,"column":null}},"1":{"start":{"line":8,"column":4},"end":{"line":23,"column":null}},"2":{"start":{"line":9,"column":25},"end":{"line":9,"column":null}},"3":{"start":{"line":11,"column":6},"end":{"line":16,"column":null}},"4":{"start":{"line":12,"column":8},"end":{"line":15,"column":null}},"5":{"start":{"line":13,"column":32},"end":{"line":13,"column":null}},"6":{"start":{"line":14,"column":10},"end":{"line":14,"column":null}},"7":{"start":{"line":18,"column":6},"end":{"line":18,"column":null}},"8":{"start":{"line":21,"column":6},"end":{"line":21,"column":null}},"9":{"start":{"line":22,"column":6},"end":{"line":22,"column":null}},"10":{"start":{"line":27,"column":4},"end":{"line":27,"column":null}},"11":{"start":{"line":31,"column":24},"end":{"line":36,"column":null}},"12":{"start":{"line":37,"column":4},"end":{"line":37,"column":null}},"13":{"start":{"line":41,"column":4},"end":{"line":43,"column":null}},"14":{"start":{"line":48,"column":4},"end":{"line":48,"column":null}},"15":{"start":{"line":51,"column":2},"end":{"line":56,"column":null}}},"fnMap":{"0":{"name":"SubcategoriesService","decl":{"start":{"line":5,"column":16},"end":{"line":5,"column":39}},"loc":{"start":{"line":5,"column":39},"end":{"line":57,"column":null}}},"1":{"name":"getSubcategories","decl":{"start":{"line":7,"column":17},"end":{"line":7,"column":36}},"loc":{"start":{"line":7,"column":36},"end":{"line":24,"column":null}}},"2":{"name":"getSubcategoriesFromParentCategory","decl":{"start":{"line":26,"column":17},"end":{"line":26,"column":52}},"loc":{"start":{"line":26,"column":99},"end":{"line":28,"column":null}}},"3":{"name":"postSubcategory","decl":{"start":{"line":30,"column":17},"end":{"line":30,"column":33}},"loc":{"start":{"line":30,"column":112},"end":{"line":38,"column":null}}},"4":{"name":"updateSubcategory","decl":{"start":{"line":40,"column":17},"end":{"line":40,"column":35}},"loc":{"start":{"line":40,"column":90},"end":{"line":44,"column":null}}},"5":{"name":"deleteSubcategory","decl":{"start":{"line":46,"column":17},"end":{"line":46,"column":35}},"loc":{"start":{"line":46,"column":47},"end":{"line":49,"column":null}}}},"branchMap":{"0":{"loc":{"start":{"line":12,"column":8},"end":{"line":15,"column":null}},"type":"if","locations":[{"start":{"line":12,"column":8},"end":{"line":15,"column":null}}]}},"s":{"0":14,"1":0,"2":0,"3":0,"4":0,"5":0,"6":0,"7":0,"8":0,"9":0,"10":0,"11":0,"12":0,"13":0,"14":0,"15":14},"f":{"0":14,"1":0,"2":0,"3":0,"4":0,"5":0},"b":{"0":[0]}}
,"/home/zeze/Documentos/personal/testes/teste-andrew/src/services/api.ts": {"path":"/home/zeze/Documentos/personal/testes/teste-andrew/src/services/api.ts","statementMap":{"0":{"start":{"line":8,"column":4},"end":{"line":8,"column":null}},"1":{"start":{"line":9,"column":4},"end":{"line":13,"column":null}},"2":{"start":{"line":17,"column":4},"end":{"line":45,"column":null}},"3":{"start":{"line":18,"column":23},"end":{"line":22,"column":null}},"4":{"start":{"line":24,"column":6},"end":{"line":36,"column":null}},"5":{"start":{"line":25,"column":27},"end":{"line":25,"column":null}},"6":{"start":{"line":26,"column":8},"end":{"line":34,"column":null}},"7":{"start":{"line":27,"column":32},"end":{"line":27,"column":null}},"8":{"start":{"line":28,"column":10},"end":{"line":30,"column":null}},"9":{"start":{"line":29,"column":12},"end":{"line":29,"column":null}},"10":{"start":{"line":33,"column":10},"end":{"line":33,"column":null}},"11":{"start":{"line":35,"column":8},"end":{"line":35,"column":null}},"12":{"start":{"line":37,"column":6},"end":{"line":39,"column":null}},"13":{"start":{"line":38,"column":8},"end":{"line":38,"column":null}},"14":{"start":{"line":40,"column":6},"end":{"line":40,"column":null}},"15":{"start":{"line":43,"column":6},"end":{"line":43,"column":null}},"16":{"start":{"line":44,"column":6},"end":{"line":44,"column":null}},"17":{"start":{"line":49,"column":4},"end":{"line":49,"column":null}},"18":{"start":{"line":53,"column":4},"end":{"line":53,"column":null}},"19":{"start":{"line":57,"column":4},"end":{"line":57,"column":null}},"20":{"start":{"line":61,"column":4},"end":{"line":61,"column":null}},"21":{"start":{"line":65,"column":4},"end":{"line":65,"column":null}},"22":{"start":{"line":69,"column":20},"end":{"line":69,"column":null}}},"fnMap":{"0":{"name":"(anonymous_0)","decl":{"start":{"line":7,"column":2},"end":{"line":7,"column":14}},"loc":{"start":{"line":7,"column":47},"end":{"line":14,"column":null}}},"1":{"name":"(anonymous_1)","decl":{"start":{"line":16,"column":2},"end":{"line":16,"column":8}},"loc":{"start":{"line":16,"column":81},"end":{"line":46,"column":null}}},"2":{"name":"(anonymous_2)","decl":{"start":{"line":48,"column":2},"end":{"line":48,"column":8}},"loc":{"start":{"line":48,"column":44},"end":{"line":50,"column":null}}},"3":{"name":"(anonymous_3)","decl":{"start":{"line":52,"column":2},"end":{"line":52,"column":8}},"loc":{"start":{"line":52,"column":56},"end":{"line":54,"column":null}}},"4":{"name":"(anonymous_4)","decl":{"start":{"line":56,"column":2},"end":{"line":56,"column":8}},"loc":{"start":{"line":56,"column":57},"end":{"line":58,"column":null}}},"5":{"name":"(anonymous_5)","decl":{"start":{"line":60,"column":2},"end":{"line":60,"column":8}},"loc":{"start":{"line":60,"column":55},"end":{"line":62,"column":null}}},"6":{"name":"(anonymous_6)","decl":{"start":{"line":64,"column":2},"end":{"line":64,"column":8}},"loc":{"start":{"line":64,"column":33},"end":{"line":66,"column":null}}}},"branchMap":{"0":{"loc":{"start":{"line":21,"column":14},"end":{"line":21,"column":null}},"type":"cond-expr","locations":[{"start":{"line":21,"column":21},"end":{"line":21,"column":44}},{"start":{"line":21,"column":44},"end":{"line":21,"column":null}}]},"1":{"loc":{"start":{"line":24,"column":6},"end":{"line":36,"column":null}},"type":"if","locations":[{"start":{"line":24,"column":6},"end":{"line":36,"column":null}}]},"2":{"loc":{"start":{"line":28,"column":10},"end":{"line":30,"column":null}},"type":"if","locations":[{"start":{"line":28,"column":10},"end":{"line":30,"column":null}}]},"3":{"loc":{"start":{"line":37,"column":6},"end":{"line":39,"column":null}},"type":"if","locations":[{"start":{"line":37,"column":6},"end":{"line":39,"column":null}}]}},"s":{"0":5,"1":5,"2":0,"3":0,"4":0,"5":0,"6":0,"7":0,"8":0,"9":0,"10":0,"11":0,"12":0,"13":0,"14":0,"15":0,"16":0,"17":0,"18":0,"19":0,"20":0,"21":0,"22":5},"f":{"0":5,"1":0,"2":0,"3":0,"4":0,"5":0,"6":0},"b":{"0":[0,0],"1":[0],"2":[0],"3":[0]}}
,"/home/zeze/Documentos/personal/testes/teste-andrew/src/services/categoriesService.ts": {"path":"/home/zeze/Documentos/personal/testes/teste-andrew/src/services/categoriesService.ts","statementMap":{"0":{"start":{"line":6,"column":4},"end":{"line":6,"column":null}},"1":{"start":{"line":10,"column":31},"end":{"line":19,"column":null}},"2":{"start":{"line":20,"column":4},"end":{"line":20,"column":null}},"3":{"start":{"line":24,"column":4},"end":{"line":26,"column":null}},"4":{"start":{"line":30,"column":4},"end":{"line":30,"column":null}},"5":{"start":{"line":33,"column":2},"end":{"line":38,"column":null}}},"fnMap":{"0":{"name":"CategoriesService","decl":{"start":{"line":4,"column":16},"end":{"line":4,"column":36}},"loc":{"start":{"line":4,"column":36},"end":{"line":39,"column":null}}},"1":{"name":"fetchCategories","decl":{"start":{"line":5,"column":17},"end":{"line":5,"column":56}},"loc":{"start":{"line":5,"column":56},"end":{"line":7,"column":null}}},"2":{"name":"postCategory","decl":{"start":{"line":9,"column":17},"end":{"line":9,"column":30}},"loc":{"start":{"line":9,"column":88},"end":{"line":21,"column":null}}},"3":{"name":"updateCategory","decl":{"start":{"line":23,"column":17},"end":{"line":23,"column":32}},"loc":{"start":{"line":23,"column":79},"end":{"line":27,"column":null}}},"4":{"name":"deleteCategory","decl":{"start":{"line":29,"column":17},"end":{"line":29,"column":32}},"loc":{"start":{"line":29,"column":44},"end":{"line":31,"column":null}}}},"branchMap":{},"s":{"0":0,"1":0,"2":0,"3":0,"4":0,"5":28},"f":{"0":28,"1":0,"2":0,"3":0,"4":0},"b":{}}
,"/home/zeze/Documentos/personal/testes/teste-andrew/src/settings/index.ts": {"path":"/home/zeze/Documentos/personal/testes/teste-andrew/src/settings/index.ts","statementMap":{"0":{"start":{"line":1,"column":26},"end":{"line":1,"column":null}},"1":{"start":{"line":2,"column":23},"end":{"line":2,"column":null}},"2":{"start":{"line":4,"column":24},"end":{"line":7,"column":null}}},"fnMap":{},"branchMap":{},"s":{"0":5,"1":5,"2":5},"f":{},"b":{}}
,"/home/zeze/Documentos/personal/testes/teste-andrew/src/stores/categories.ts": {"path":"/home/zeze/Documentos/personal/testes/teste-andrew/src/stores/categories.ts","statementMap":{"0":{"start":{"line":8,"column":34},"end":{"line":116,"column":null}},"1":{"start":{"line":9,"column":28},"end":{"line":9,"column":null}},"2":{"start":{"line":10,"column":24},"end":{"line":10,"column":null}},"3":{"start":{"line":12,"column":21},"end":{"line":12,"column":null}},"4":{"start":{"line":13,"column":22},"end":{"line":13,"column":null}},"5":{"start":{"line":13,"column":46},"end":{"line":13,"column":null}},"6":{"start":{"line":14,"column":38},"end":{"line":14,"column":null}},"7":{"start":{"line":14,"column":53},"end":{"line":14,"column":89}},"8":{"start":{"line":15,"column":20},"end":{"line":15,"column":null}},"9":{"start":{"line":16,"column":16},"end":{"line":16,"column":null}},"10":{"start":{"line":19,"column":4},"end":{"line":19,"column":null}},"11":{"start":{"line":20,"column":4},"end":{"line":20,"column":null}},"12":{"start":{"line":21,"column":4},"end":{"line":33,"column":null}},"13":{"start":{"line":22,"column":23},"end":{"line":22,"column":null}},"14":{"start":{"line":23,"column":6},"end":{"line":23,"column":null}},"15":{"start":{"line":26,"column":6},"end":{"line":26,"column":null}},"16":{"start":{"line":27,"column":6},"end":{"line":27,"column":null}},"17":{"start":{"line":28,"column":6},"end":{"line":28,"column":null}},"18":{"start":{"line":29,"column":6},"end":{"line":29,"column":null}},"19":{"start":{"line":32,"column":6},"end":{"line":32,"column":null}},"20":{"start":{"line":37,"column":4},"end":{"line":37,"column":null}},"21":{"start":{"line":38,"column":4},"end":{"line":54,"column":null}},"22":{"start":{"line":39,"column":23},"end":{"line":39,"column":null}},"23":{"start":{"line":40,"column":6},"end":{"line":44,"column":null}},"24":{"start":{"line":41,"column":8},"end":{"line":41,"column":null}},"25":{"start":{"line":42,"column":8},"end":{"line":42,"column":null}},"26":{"start":{"line":43,"column":8},"end":{"line":43,"column":null}},"27":{"start":{"line":47,"column":6},"end":{"line":47,"column":null}},"28":{"start":{"line":48,"column":6},"end":{"line":48,"column":null}},"29":{"start":{"line":49,"column":6},"end":{"line":49,"column":null}},"30":{"start":{"line":50,"column":6},"end":{"line":50,"column":null}},"31":{"start":{"line":53,"column":6},"end":{"line":53,"column":null}},"32":{"start":{"line":58,"column":4},"end":{"line":82,"column":null}},"33":{"start":{"line":59,"column":6},"end":{"line":59,"column":null}},"34":{"start":{"line":60,"column":22},"end":{"line":60,"column":null}},"35":{"start":{"line":61,"column":6},"end":{"line":68,"column":null}},"36":{"start":{"line":62,"column":8},"end":{"line":62,"column":null}},"37":{"start":{"line":63,"column":25},"end":{"line":63,"column":null}},"38":{"start":{"line":63,"column":59},"end":{"line":63,"column":77}},"39":{"start":{"line":64,"column":8},"end":{"line":66,"column":null}},"40":{"start":{"line":65,"column":10},"end":{"line":65,"column":null}},"41":{"start":{"line":67,"column":8},"end":{"line":67,"column":null}},"42":{"start":{"line":71,"column":6},"end":{"line":71,"column":null}},"43":{"start":{"line":72,"column":6},"end":{"line":77,"column":null}},"44":{"start":{"line":73,"column":8},"end":{"line":73,"column":null}},"45":{"start":{"line":76,"column":8},"end":{"line":76,"column":null}},"46":{"start":{"line":78,"column":6},"end":{"line":78,"column":null}},"47":{"start":{"line":81,"column":6},"end":{"line":81,"column":null}},"48":{"start":{"line":86,"column":4},"end":{"line":103,"column":null}},"49":{"start":{"line":87,"column":6},"end":{"line":87,"column":null}},"50":{"start":{"line":88,"column":22},"end":{"line":88,"column":null}},"51":{"start":{"line":89,"column":6},"end":{"line":93,"column":null}},"52":{"start":{"line":90,"column":8},"end":{"line":90,"column":null}},"53":{"start":{"line":91,"column":8},"end":{"line":91,"column":null}},"54":{"start":{"line":91,"column":59},"end":{"line":91,"column":82}},"55":{"start":{"line":92,"column":8},"end":{"line":92,"column":null}},"56":{"start":{"line":96,"column":6},"end":{"line":96,"column":null}},"57":{"start":{"line":97,"column":6},"end":{"line":97,"column":null}},"58":{"start":{"line":98,"column":6},"end":{"line":98,"column":null}},"59":{"start":{"line":99,"column":6},"end":{"line":99,"column":null}},"60":{"start":{"line":102,"column":6},"end":{"line":102,"column":null}},"61":{"start":{"line":106,"column":2},"end":{"line":115,"column":null}},"62":{"start":{"line":118,"column":0},"end":{"line":120,"column":null}},"63":{"start":{"line":119,"column":2},"end":{"line":119,"column":null}}},"fnMap":{"0":{"name":"(anonymous_0)","decl":{"start":{"line":8,"column":60},"end":{"line":8,"column":66}},"loc":{"start":{"line":8,"column":66},"end":{"line":116,"column":1}}},"1":{"name":"(anonymous_1)","decl":{"start":{"line":13,"column":22},"end":{"line":13,"column":23}},"loc":{"start":{"line":13,"column":46},"end":{"line":13,"column":null}}},"2":{"name":"(anonymous_2)","decl":{"start":{"line":14,"column":47},"end":{"line":14,"column":53}},"loc":{"start":{"line":14,"column":53},"end":{"line":14,"column":89}}},"3":{"name":"getCategories","decl":{"start":{"line":18,"column":17},"end":{"line":18,"column":33}},"loc":{"start":{"line":18,"column":33},"end":{"line":34,"column":null}}},"4":{"name":"postCategory","decl":{"start":{"line":36,"column":17},"end":{"line":36,"column":30}},"loc":{"start":{"line":36,"column":62},"end":{"line":55,"column":null}}},"5":{"name":"updateCategory","decl":{"start":{"line":57,"column":17},"end":{"line":57,"column":32}},"loc":{"start":{"line":57,"column":61},"end":{"line":83,"column":null}}},"6":{"name":"(anonymous_6)","decl":{"start":{"line":63,"column":47},"end":{"line":63,"column":59}},"loc":{"start":{"line":63,"column":59},"end":{"line":63,"column":77}}},"7":{"name":"deleteCategory","decl":{"start":{"line":85,"column":17},"end":{"line":85,"column":32}},"loc":{"start":{"line":85,"column":52},"end":{"line":104,"column":null}}},"8":{"name":"(anonymous_8)","decl":{"start":{"line":91,"column":51},"end":{"line":91,"column":59}},"loc":{"start":{"line":91,"column":59},"end":{"line":91,"column":82}}}},"branchMap":{"0":{"loc":{"start":{"line":27,"column":20},"end":{"line":27,"column":null}},"type":"binary-expr","locations":[{"start":{"line":27,"column":20},"end":{"line":27,"column":36}},{"start":{"line":27,"column":36},"end":{"line":27,"column":43}},{"start":{"line":27,"column":43},"end":{"line":27,"column":null}}]},"1":{"loc":{"start":{"line":40,"column":6},"end":{"line":44,"column":null}},"type":"if","locations":[{"start":{"line":40,"column":6},"end":{"line":44,"column":null}}]},"2":{"loc":{"start":{"line":48,"column":20},"end":{"line":48,"column":null}},"type":"binary-expr","locations":[{"start":{"line":48,"column":20},"end":{"line":48,"column":36}},{"start":{"line":48,"column":36},"end":{"line":48,"column":43}},{"start":{"line":48,"column":43},"end":{"line":48,"column":null}}]},"3":{"loc":{"start":{"line":61,"column":6},"end":{"line":68,"column":null}},"type":"if","locations":[{"start":{"line":61,"column":6},"end":{"line":68,"column":null}}]},"4":{"loc":{"start":{"line":64,"column":8},"end":{"line":66,"column":null}},"type":"if","locations":[{"start":{"line":64,"column":8},"end":{"line":66,"column":null}}]},"5":{"loc":{"start":{"line":71,"column":20},"end":{"line":71,"column":null}},"type":"binary-expr","locations":[{"start":{"line":71,"column":20},"end":{"line":71,"column":36}},{"start":{"line":71,"column":36},"end":{"line":71,"column":43}},{"start":{"line":71,"column":43},"end":{"line":71,"column":null}}]},"6":{"loc":{"start":{"line":72,"column":6},"end":{"line":77,"column":null}},"type":"if","locations":[{"start":{"line":72,"column":6},"end":{"line":77,"column":null}},{"start":{"line":75,"column":11},"end":{"line":77,"column":null}}]},"7":{"loc":{"start":{"line":89,"column":6},"end":{"line":93,"column":null}},"type":"if","locations":[{"start":{"line":89,"column":6},"end":{"line":93,"column":null}}]},"8":{"loc":{"start":{"line":97,"column":20},"end":{"line":97,"column":null}},"type":"binary-expr","locations":[{"start":{"line":97,"column":20},"end":{"line":97,"column":36}},{"start":{"line":97,"column":36},"end":{"line":97,"column":43}},{"start":{"line":97,"column":43},"end":{"line":97,"column":null}}]},"9":{"loc":{"start":{"line":118,"column":0},"end":{"line":120,"column":null}},"type":"if","locations":[{"start":{"line":118,"column":0},"end":{"line":120,"column":null}}]}},"s":{"0":5,"1":14,"2":14,"3":14,"4":14,"5":0,"6":14,"7":0,"8":14,"9":14,"10":0,"11":0,"12":0,"13":0,"14":0,"15":0,"16":0,"17":0,"18":0,"19":0,"20":0,"21":0,"22":0,"23":0,"24":0,"25":0,"26":0,"27":0,"28":0,"29":0,"30":0,"31":0,"32":0,"33":0,"34":0,"35":0,"36":0,"37":0,"38":0,"39":0,"40":0,"41":0,"42":0,"43":0,"44":0,"45":0,"46":0,"47":0,"48":0,"49":0,"50":0,"51":0,"52":0,"53":0,"54":0,"55":0,"56":0,"57":0,"58":0,"59":0,"60":0,"61":14,"62":5,"63":5},"f":{"0":14,"1":0,"2":0,"3":0,"4":0,"5":0,"6":0,"7":0,"8":0},"b":{"0":[0,0,0],"1":[0],"2":[0,0,0],"3":[0],"4":[0],"5":[0,0,0],"6":[0,0],"7":[0],"8":[0,0,0],"9":[5]}}
,"/home/zeze/Documentos/personal/testes/teste-andrew/src/stores/loaderFullscreen.ts": {"path":"/home/zeze/Documentos/personal/testes/teste-andrew/src/stores/loaderFullscreen.ts","statementMap":{},"fnMap":{},"branchMap":{},"s":{},"f":{},"b":{}}
,"/home/zeze/Documentos/personal/testes/teste-andrew/src/stores/subcategories.ts": {"path":"/home/zeze/Documentos/personal/testes/teste-andrew/src/stores/subcategories.ts","statementMap":{"0":{"start":{"line":8,"column":37},"end":{"line":118,"column":null}},"1":{"start":{"line":9,"column":18},"end":{"line":9,"column":null}},"2":{"start":{"line":10,"column":24},"end":{"line":10,"column":null}},"3":{"start":{"line":12,"column":24},"end":{"line":12,"column":null}},"4":{"start":{"line":13,"column":20},"end":{"line":13,"column":null}},"5":{"start":{"line":14,"column":16},"end":{"line":14,"column":null}},"6":{"start":{"line":17,"column":4},"end":{"line":17,"column":null}},"7":{"start":{"line":18,"column":4},"end":{"line":32,"column":null}},"8":{"start":{"line":19,"column":6},"end":{"line":19,"column":null}},"9":{"start":{"line":20,"column":23},"end":{"line":20,"column":null}},"10":{"start":{"line":21,"column":6},"end":{"line":21,"column":null}},"11":{"start":{"line":22,"column":6},"end":{"line":22,"column":null}},"12":{"start":{"line":25,"column":6},"end":{"line":25,"column":null}},"13":{"start":{"line":26,"column":6},"end":{"line":26,"column":null}},"14":{"start":{"line":27,"column":6},"end":{"line":27,"column":null}},"15":{"start":{"line":28,"column":6},"end":{"line":28,"column":null}},"16":{"start":{"line":31,"column":6},"end":{"line":31,"column":null}},"17":{"start":{"line":36,"column":4},"end":{"line":58,"column":null}},"18":{"start":{"line":37,"column":6},"end":{"line":37,"column":null}},"19":{"start":{"line":38,"column":29},"end":{"line":38,"column":null}},"20":{"start":{"line":39,"column":6},"end":{"line":48,"column":null}},"21":{"start":{"line":40,"column":25},"end":{"line":40,"column":null}},"22":{"start":{"line":40,"column":62},"end":{"line":40,"column":99}},"23":{"start":{"line":41,"column":8},"end":{"line":44,"column":null}},"24":{"start":{"line":42,"column":10},"end":{"line":42,"column":null}},"25":{"start":{"line":43,"column":10},"end":{"line":43,"column":null}},"26":{"start":{"line":45,"column":8},"end":{"line":45,"column":null}},"27":{"start":{"line":46,"column":8},"end":{"line":46,"column":null}},"28":{"start":{"line":47,"column":8},"end":{"line":47,"column":null}},"29":{"start":{"line":51,"column":6},"end":{"line":51,"column":null}},"30":{"start":{"line":52,"column":6},"end":{"line":52,"column":null}},"31":{"start":{"line":53,"column":6},"end":{"line":53,"column":null}},"32":{"start":{"line":54,"column":6},"end":{"line":54,"column":null}},"33":{"start":{"line":57,"column":6},"end":{"line":57,"column":null}},"34":{"start":{"line":62,"column":4},"end":{"line":83,"column":null}},"35":{"start":{"line":63,"column":6},"end":{"line":63,"column":null}},"36":{"start":{"line":64,"column":22},"end":{"line":64,"column":null}},"37":{"start":{"line":65,"column":6},"end":{"line":74,"column":null}},"38":{"start":{"line":67,"column":25},"end":{"line":67,"column":null}},"39":{"start":{"line":67,"column":62},"end":{"line":67,"column":96}},"40":{"start":{"line":68,"column":35},"end":{"line":68,"column":null}},"41":{"start":{"line":68,"column":75},"end":{"line":68,"column":104}},"42":{"start":{"line":69,"column":8},"end":{"line":71,"column":null}},"43":{"start":{"line":70,"column":10},"end":{"line":70,"column":null}},"44":{"start":{"line":72,"column":8},"end":{"line":72,"column":null}},"45":{"start":{"line":73,"column":8},"end":{"line":73,"column":null}},"46":{"start":{"line":77,"column":6},"end":{"line":77,"column":null}},"47":{"start":{"line":78,"column":6},"end":{"line":78,"column":null}},"48":{"start":{"line":79,"column":6},"end":{"line":79,"column":null}},"49":{"start":{"line":82,"column":6},"end":{"line":82,"column":null}},"50":{"start":{"line":87,"column":4},"end":{"line":106,"column":null}},"51":{"start":{"line":88,"column":6},"end":{"line":88,"column":null}},"52":{"start":{"line":89,"column":22},"end":{"line":89,"column":null}},"53":{"start":{"line":90,"column":6},"end":{"line":96,"column":null}},"54":{"start":{"line":91,"column":36},"end":{"line":91,"column":null}},"55":{"start":{"line":91,"column":78},"end":{"line":91,"column":116}},"56":{"start":{"line":92,"column":36},"end":{"line":92,"column":null}},"57":{"start":{"line":92,"column":109},"end":{"line":92,"column":139}},"58":{"start":{"line":93,"column":8},"end":{"line":93,"column":null}},"59":{"start":{"line":94,"column":8},"end":{"line":94,"column":null}},"60":{"start":{"line":95,"column":8},"end":{"line":95,"column":null}},"61":{"start":{"line":99,"column":6},"end":{"line":99,"column":null}},"62":{"start":{"line":100,"column":6},"end":{"line":100,"column":null}},"63":{"start":{"line":101,"column":6},"end":{"line":101,"column":null}},"64":{"start":{"line":102,"column":6},"end":{"line":102,"column":null}},"65":{"start":{"line":105,"column":6},"end":{"line":105,"column":null}},"66":{"start":{"line":109,"column":2},"end":{"line":117,"column":null}},"67":{"start":{"line":120,"column":0},"end":{"line":122,"column":null}},"68":{"start":{"line":121,"column":2},"end":{"line":121,"column":null}}},"fnMap":{"0":{"name":"(anonymous_0)","decl":{"start":{"line":8,"column":66},"end":{"line":8,"column":72}},"loc":{"start":{"line":8,"column":72},"end":{"line":118,"column":1}}},"1":{"name":"getSubcategories","decl":{"start":{"line":16,"column":17},"end":{"line":16,"column":36}},"loc":{"start":{"line":16,"column":36},"end":{"line":33,"column":null}}},"2":{"name":"postSubcategory","decl":{"start":{"line":35,"column":17},"end":{"line":35,"column":33}},"loc":{"start":{"line":35,"column":83},"end":{"line":59,"column":null}}},"3":{"name":"(anonymous_3)","decl":{"start":{"line":40,"column":50},"end":{"line":40,"column":62}},"loc":{"start":{"line":40,"column":62},"end":{"line":40,"column":99}}},"4":{"name":"updateSubcategory","decl":{"start":{"line":61,"column":17},"end":{"line":61,"column":35}},"loc":{"start":{"line":61,"column":64},"end":{"line":84,"column":null}}},"5":{"name":"(anonymous_5)","decl":{"start":{"line":67,"column":50},"end":{"line":67,"column":62}},"loc":{"start":{"line":67,"column":62},"end":{"line":67,"column":96}}},"6":{"name":"(anonymous_6)","decl":{"start":{"line":68,"column":60},"end":{"line":68,"column":75}},"loc":{"start":{"line":68,"column":75},"end":{"line":68,"column":104}}},"7":{"name":"deleteSubcategory","decl":{"start":{"line":86,"column":17},"end":{"line":86,"column":35}},"loc":{"start":{"line":86,"column":58},"end":{"line":107,"column":null}}},"8":{"name":"(anonymous_8)","decl":{"start":{"line":91,"column":66},"end":{"line":91,"column":78}},"loc":{"start":{"line":91,"column":78},"end":{"line":91,"column":116}}},"9":{"name":"(anonymous_9)","decl":{"start":{"line":92,"column":97},"end":{"line":92,"column":109}},"loc":{"start":{"line":92,"column":109},"end":{"line":92,"column":139}}}},"branchMap":{"0":{"loc":{"start":{"line":26,"column":20},"end":{"line":26,"column":null}},"type":"binary-expr","locations":[{"start":{"line":26,"column":20},"end":{"line":26,"column":36}},{"start":{"line":26,"column":36},"end":{"line":26,"column":43}},{"start":{"line":26,"column":43},"end":{"line":26,"column":null}}]},"1":{"loc":{"start":{"line":27,"column":25},"end":{"line":27,"column":73}},"type":"binary-expr","locations":[{"start":{"line":27,"column":25},"end":{"line":27,"column":40}},{"start":{"line":27,"column":40},"end":{"line":27,"column":73}}]},"2":{"loc":{"start":{"line":39,"column":6},"end":{"line":48,"column":null}},"type":"if","locations":[{"start":{"line":39,"column":6},"end":{"line":48,"column":null}}]},"3":{"loc":{"start":{"line":41,"column":8},"end":{"line":44,"column":null}},"type":"if","locations":[{"start":{"line":41,"column":8},"end":{"line":44,"column":null}}]},"4":{"loc":{"start":{"line":52,"column":20},"end":{"line":52,"column":null}},"type":"binary-expr","locations":[{"start":{"line":52,"column":20},"end":{"line":52,"column":36}},{"start":{"line":52,"column":36},"end":{"line":52,"column":43}},{"start":{"line":52,"column":43},"end":{"line":52,"column":null}}]},"5":{"loc":{"start":{"line":53,"column":25},"end":{"line":53,"column":81}},"type":"binary-expr","locations":[{"start":{"line":53,"column":25},"end":{"line":53,"column":40}},{"start":{"line":53,"column":40},"end":{"line":53,"column":81}}]},"6":{"loc":{"start":{"line":65,"column":6},"end":{"line":74,"column":null}},"type":"if","locations":[{"start":{"line":65,"column":6},"end":{"line":74,"column":null}}]},"7":{"loc":{"start":{"line":69,"column":8},"end":{"line":71,"column":null}},"type":"if","locations":[{"start":{"line":69,"column":8},"end":{"line":71,"column":null}}]},"8":{"loc":{"start":{"line":78,"column":20},"end":{"line":78,"column":null}},"type":"binary-expr","locations":[{"start":{"line":78,"column":20},"end":{"line":78,"column":36}},{"start":{"line":78,"column":36},"end":{"line":78,"column":43}},{"start":{"line":78,"column":43},"end":{"line":78,"column":null}}]},"9":{"loc":{"start":{"line":90,"column":6},"end":{"line":96,"column":null}},"type":"if","locations":[{"start":{"line":90,"column":6},"end":{"line":96,"column":null}}]},"10":{"loc":{"start":{"line":100,"column":20},"end":{"line":100,"column":null}},"type":"binary-expr","locations":[{"start":{"line":100,"column":20},"end":{"line":100,"column":36}},{"start":{"line":100,"column":36},"end":{"line":100,"column":43}},{"start":{"line":100,"column":43},"end":{"line":100,"column":null}}]},"11":{"loc":{"start":{"line":120,"column":0},"end":{"line":122,"column":null}},"type":"if","locations":[{"start":{"line":120,"column":0},"end":{"line":122,"column":null}}]}},"s":{"0":5,"1":14,"2":14,"3":14,"4":14,"5":14,"6":0,"7":0,"8":0,"9":0,"10":0,"11":0,"12":0,"13":0,"14":0,"15":0,"16":0,"17":0,"18":0,"19":0,"20":0,"21":0,"22":0,"23":0,"24":0,"25":0,"26":0,"27":0,"28":0,"29":0,"30":0,"31":0,"32":0,"33":0,"34":0,"35":0,"36":0,"37":0,"38":0,"39":0,"40":0,"41":0,"42":0,"43":0,"44":0,"45":0,"46":0,"47":0,"48":0,"49":0,"50":0,"51":0,"52":0,"53":0,"54":0,"55":0,"56":0,"57":0,"58":0,"59":0,"60":0,"61":0,"62":0,"63":0,"64":0,"65":0,"66":14,"67":5,"68":5},"f":{"0":14,"1":0,"2":0,"3":0,"4":0,"5":0,"6":0,"7":0,"8":0,"9":0},"b":{"0":[0,0,0],"1":[0,0],"2":[0],"3":[0],"4":[0,0,0],"5":[0,0],"6":[0],"7":[0],"8":[0,0,0],"9":[0],"10":[0,0,0],"11":[5]}}
,"/home/zeze/Documentos/personal/testes/teste-andrew/src/types/category.type.ts": {"path":"/home/zeze/Documentos/personal/testes/teste-andrew/src/types/category.type.ts","statementMap":{},"fnMap":{},"branchMap":{},"s":{},"f":{},"b":{}}
}
