TN:
SF:src/main.ts
FNF:0
FNH:0
LF:0
LH:0
BRF:0
BRH:0
end_of_record
TN:
SF:src/components/CategoryWidget/index.vue
FN:42,startEditing
FN:45,(anonymous_2)
FN:50,saveEdit
FN:70,cancelEdit
FN:74,(anonymous_5)
FN:76,deleteItem
FN:80,(anonymous_7)
FN:92,(anonymous_11)
FN:1,(anonymous_12)
FN:110,(anonymous_13)
FN:117,(anonymous_14)
FN:131,(anonymous_16)
FN:135,(anonymous_17)
FNF:13
FNH:12
FNDA:9,startEditing
FNDA:9,(anonymous_2)
FNDA:3,saveEdit
FNDA:3,cancelEdit
FNDA:3,(anonymous_5)
FNDA:0,deleteItem
FNDA:3,(anonymous_7)
FNDA:3,(anonymous_11)
FNDA:79,(anonymous_12)
FNDA:9,(anonymous_13)
FNDA:16,(anonymous_14)
FNDA:9,(anonymous_16)
FNDA:9,(anonymous_17)
DA:20,14
DA:24,14
DA:28,14
DA:32,14
DA:34,14
DA:35,14
DA:37,14
DA:38,14
DA:40,14
DA:43,9
DA:44,9
DA:45,9
DA:46,9
DA:51,3
DA:52,3
DA:53,3
DA:54,3
DA:55,3
DA:58,0
DA:59,0
DA:60,0
DA:63,0
DA:66,3
DA:71,3
DA:74,14
DA:77,0
DA:80,14
DA:81,3
DA:82,0
DA:83,0
DA:85,3
DA:90,5
DA:92,3
DA:96,79
DA:104,5
DA:110,9
DA:117,16
DA:126,5
DA:131,9
DA:135,9
LF:40
LH:33
BRDA:53,0,0,0
BRDA:53,0,1,3
BRDA:59,1,0,0
BRDA:81,2,0,0
BRDA:91,3,0,180
BRDA:92,4,0,180
BRDA:92,4,1,9
BRDA:92,5,0,3
BRDA:92,5,1,3
BRDA:1,6,0,180
BRDA:1,6,1,9
BRDA:110,7,0,9
BRDA:110,7,1,9
BRDA:114,8,0,180
BRDA:114,8,1,180
BRDA:117,9,0,16
BRDA:117,9,1,9
BRDA:118,10,0,16
BRDA:118,10,1,0
BRDA:131,11,0,9
BRDA:131,11,1,9
BRDA:135,12,0,9
BRDA:135,12,1,9
BRF:23
BRH:19
end_of_record
TN:
SF:src/components/ListIemMenu/index.vue
FN:15,(anonymous_8)
FN:21,(anonymous_9)
FNF:2
FNH:2
FNDA:26,(anonymous_8)
FNDA:54,(anonymous_9)
DA:12,17
DA:15,26
DA:21,54
LF:3
LH:3
BRDA:15,0,0,26
BRDA:15,0,1,17
BRF:2
BRH:2
end_of_record
TN:
SF:src/components/ui/accordion/index.ts
FNF:0
FNH:0
LF:0
LH:0
BRF:0
BRH:0
end_of_record
TN:
SF:src/components/ui/alert-dialog/index.ts
FNF:0
FNH:0
LF:0
LH:0
BRF:0
BRH:0
end_of_record
TN:
SF:src/components/ui/button/Button.vue
FN:24,(anonymous_5)
FNF:1
FNH:1
FNDA:69,(anonymous_5)
DA:13,53
DA:19,69
DA:24,69
LF:3
LH:3
BRF:0
BRH:0
end_of_record
TN:
SF:src/components/ui/button/index.ts
FNF:0
FNH:0
DA:5,5
LF:1
LH:1
BRF:0
BRH:0
end_of_record
TN:
SF:src/components/ui/input/Input.vue
FN:1,(anonymous_3)
FNF:1
FNH:1
FNDA:79,(anonymous_3)
DA:6,9
DA:12,9
DA:16,9
DA:21,9
DA:22,9
DA:26,185
LF:6
LH:6
BRDA:1,0,0,185
BRDA:1,0,1,9
BRF:2
BRH:2
end_of_record
TN:
SF:src/components/ui/popover/Popover.vue
FN:13,(anonymous_3)
FNF:1
FNH:1
FNDA:26,(anonymous_3)
DA:5,17
DA:6,17
DA:8,17
DA:13,26
LF:4
LH:4
BRF:0
BRH:0
end_of_record
TN:
SF:src/components/ui/popover/PopoverContent.vue
FN:25,(anonymous_1)
FN:45,(anonymous_7)
FNF:2
FNH:2
FNDA:17,(anonymous_1)
FNDA:54,(anonymous_7)
DA:16,17
DA:23,17
DA:25,17
DA:26,17
DA:28,17
DA:31,17
DA:35,17
DA:45,54
LF:8
LH:8
BRF:0
BRH:0
end_of_record
TN:
SF:src/components/ui/popover/PopoverTrigger.vue
FN:9,(anonymous_3)
FNF:1
FNH:1
FNDA:26,(anonymous_3)
DA:4,17
DA:9,26
LF:2
LH:2
BRF:0
BRH:0
end_of_record
TN:
SF:src/components/ui/toast/index.ts
FNF:0
FNH:0
LF:0
LH:0
BRF:0
BRH:0
end_of_record
TN:
SF:src/components/ui/toast/use-toast.ts
FN:29,genId
FN:60,addToRemoveQueue
FN:64,(anonymous_2)
FN:79,dispatch
FN:86,(anonymous_4)
FN:98,(anonymous_5)
FN:103,(anonymous_6)
FN:118,(anonymous_7)
FN:124,useToast
FN:126,(anonymous_9)
FN:128,(anonymous_10)
FN:134,toast
FN:137,(anonymous_12)
FN:143,(anonymous_13)
FN:151,(anonymous_14)
FNF:15
FNH:1
FNDA:0,genId
FNDA:0,addToRemoveQueue
FNDA:0,(anonymous_2)
FNDA:0,dispatch
FNDA:0,(anonymous_4)
FNDA:0,(anonymous_5)
FNDA:0,(anonymous_6)
FNDA:0,(anonymous_7)
FNDA:28,useToast
FNDA:0,(anonymous_9)
FNDA:0,(anonymous_10)
FNDA:0,toast
FNDA:0,(anonymous_12)
FNDA:0,(anonymous_13)
FNDA:0,(anonymous_14)
DA:5,5
DA:6,5
DA:20,5
DA:27,5
DA:30,0
DA:31,0
DA:58,5
DA:61,0
DA:62,0
DA:64,0
DA:65,0
DA:66,0
DA:72,0
DA:75,5
DA:80,0
DA:82,0
DA:83,0
DA:86,0
DA:87,0
DA:89,0
DA:92,0
DA:94,0
DA:95,0
DA:98,0
DA:99,0
DA:103,0
DA:104,0
DA:111,0
DA:115,0
DA:116,0
DA:118,0
DA:120,0
DA:125,28
DA:126,0
DA:128,0
DA:135,0
DA:137,0
DA:138,0
DA:143,0
DA:145,0
DA:152,0
DA:153,0
DA:158,0
LF:43
LH:7
BRDA:61,0,0,0
BRDA:80,1,0,0
BRDA:80,1,1,0
BRDA:80,1,2,0
BRDA:80,1,3,0
BRDA:87,2,0,0
BRDA:87,2,1,0
BRDA:94,3,0,0
BRDA:94,3,1,0
BRDA:104,4,0,0
BRDA:104,4,1,0
BRDA:104,5,0,0
BRDA:104,5,1,0
BRDA:115,6,0,0
BRDA:115,6,1,0
BRDA:152,7,0,0
BRF:16
BRH:0
end_of_record
TN:
SF:src/composables/useMyToast.ts
FN:8,useMyToast
FN:11,(anonymous_1)
FNF:2
FNH:1
FNDA:28,useMyToast
FNDA:0,(anonymous_1)
DA:9,28
DA:11,28
DA:12,0
DA:17,0
DA:20,28
LF:5
LH:3
BRDA:14,0,0,0
BRDA:14,0,1,0
BRF:2
BRH:0
end_of_record
TN:
SF:src/composables/useNavigate.ts
FNF:0
FNH:0
LF:0
LH:0
BRF:0
BRH:0
end_of_record
TN:
SF:src/lib/utils.ts
FN:4,cn
FNF:1
FNH:1
FNDA:271,cn
DA:5,271
LF:1
LH:1
BRF:0
BRH:0
end_of_record
TN:
SF:src/mock/categories.ts
FNF:0
FNH:0
LF:0
LH:0
BRF:0
BRH:0
end_of_record
TN:
SF:src/router/index.ts
FNF:0
FNH:0
LF:0
LH:0
BRF:0
BRH:0
end_of_record
TN:
SF:src/services/SubcategoriesService.ts
FN:5,SubcategoriesService
FN:7,getSubcategories
FN:26,getSubcategoriesFromParentCategory
FN:30,postSubcategory
FN:40,updateSubcategory
FN:46,deleteSubcategory
FNF:6
FNH:1
FNDA:14,SubcategoriesService
FNDA:0,getSubcategories
FNDA:0,getSubcategoriesFromParentCategory
FNDA:0,postSubcategory
FNDA:0,updateSubcategory
FNDA:0,deleteSubcategory
DA:6,14
DA:8,0
DA:9,0
DA:11,0
DA:12,0
DA:13,0
DA:14,0
DA:18,0
DA:21,0
DA:22,0
DA:27,0
DA:31,0
DA:37,0
DA:41,0
DA:48,0
DA:51,14
LF:16
LH:2
BRDA:12,0,0,0
BRF:1
BRH:0
end_of_record
TN:
SF:src/services/api.ts
FN:7,(anonymous_0)
FN:16,(anonymous_1)
FN:48,(anonymous_2)
FN:52,(anonymous_3)
FN:56,(anonymous_4)
FN:60,(anonymous_5)
FN:64,(anonymous_6)
FNF:7
FNH:1
FNDA:5,(anonymous_0)
FNDA:0,(anonymous_1)
FNDA:0,(anonymous_2)
FNDA:0,(anonymous_3)
FNDA:0,(anonymous_4)
FNDA:0,(anonymous_5)
FNDA:0,(anonymous_6)
DA:8,5
DA:9,5
DA:17,0
DA:18,0
DA:24,0
DA:25,0
DA:26,0
DA:27,0
DA:28,0
DA:29,0
DA:33,0
DA:35,0
DA:37,0
DA:38,0
DA:40,0
DA:43,0
DA:44,0
DA:49,0
DA:53,0
DA:57,0
DA:61,0
DA:65,0
DA:69,5
LF:23
LH:3
BRDA:21,0,0,0
BRDA:21,0,1,0
BRDA:24,1,0,0
BRDA:28,2,0,0
BRDA:37,3,0,0
BRF:5
BRH:0
end_of_record
TN:
SF:src/services/categoriesService.ts
FN:4,CategoriesService
FN:5,fetchCategories
FN:9,postCategory
FN:23,updateCategory
FN:29,deleteCategory
FNF:5
FNH:1
FNDA:28,CategoriesService
FNDA:0,fetchCategories
FNDA:0,postCategory
FNDA:0,updateCategory
FNDA:0,deleteCategory
DA:6,0
DA:10,0
DA:20,0
DA:24,0
DA:30,0
DA:33,28
LF:6
LH:1
BRF:0
BRH:0
end_of_record
TN:
SF:src/settings/index.ts
FNF:0
FNH:0
DA:1,5
DA:2,5
DA:4,5
LF:3
LH:3
BRF:0
BRH:0
end_of_record
TN:
SF:src/stores/categories.ts
FN:8,(anonymous_0)
FN:13,(anonymous_1)
FN:14,(anonymous_2)
FN:18,getCategories
FN:36,postCategory
FN:57,updateCategory
FN:63,(anonymous_6)
FN:85,deleteCategory
FN:91,(anonymous_8)
FNF:9
FNH:1
FNDA:14,(anonymous_0)
FNDA:0,(anonymous_1)
FNDA:0,(anonymous_2)
FNDA:0,getCategories
FNDA:0,postCategory
FNDA:0,updateCategory
FNDA:0,(anonymous_6)
FNDA:0,deleteCategory
FNDA:0,(anonymous_8)
DA:8,5
DA:9,14
DA:10,14
DA:12,14
DA:13,14
DA:14,14
DA:15,14
DA:16,14
DA:19,0
DA:20,0
DA:21,0
DA:22,0
DA:23,0
DA:26,0
DA:27,0
DA:28,0
DA:29,0
DA:32,0
DA:37,0
DA:38,0
DA:39,0
DA:40,0
DA:41,0
DA:42,0
DA:43,0
DA:47,0
DA:48,0
DA:49,0
DA:50,0
DA:53,0
DA:58,0
DA:59,0
DA:60,0
DA:61,0
DA:62,0
DA:63,0
DA:64,0
DA:65,0
DA:67,0
DA:71,0
DA:72,0
DA:73,0
DA:76,0
DA:78,0
DA:81,0
DA:86,0
DA:87,0
DA:88,0
DA:89,0
DA:90,0
DA:91,0
DA:92,0
DA:96,0
DA:97,0
DA:98,0
DA:99,0
DA:102,0
DA:106,14
DA:118,5
DA:119,5
LF:60
LH:11
BRDA:27,0,0,0
BRDA:27,0,1,0
BRDA:27,0,2,0
BRDA:40,1,0,0
BRDA:48,2,0,0
BRDA:48,2,1,0
BRDA:48,2,2,0
BRDA:61,3,0,0
BRDA:64,4,0,0
BRDA:71,5,0,0
BRDA:71,5,1,0
BRDA:71,5,2,0
BRDA:72,6,0,0
BRDA:72,6,1,0
BRDA:89,7,0,0
BRDA:97,8,0,0
BRDA:97,8,1,0
BRDA:97,8,2,0
BRDA:118,9,0,5
BRF:19
BRH:1
end_of_record
TN:
SF:src/stores/loaderFullscreen.ts
FNF:0
FNH:0
LF:0
LH:0
BRF:0
BRH:0
end_of_record
TN:
SF:src/stores/subcategories.ts
FN:8,(anonymous_0)
FN:16,getSubcategories
FN:35,postSubcategory
FN:40,(anonymous_3)
FN:61,updateSubcategory
FN:67,(anonymous_5)
FN:68,(anonymous_6)
FN:86,deleteSubcategory
FN:91,(anonymous_8)
FN:92,(anonymous_9)
FNF:10
FNH:1
FNDA:14,(anonymous_0)
FNDA:0,getSubcategories
FNDA:0,postSubcategory
FNDA:0,(anonymous_3)
FNDA:0,updateSubcategory
FNDA:0,(anonymous_5)
FNDA:0,(anonymous_6)
FNDA:0,deleteSubcategory
FNDA:0,(anonymous_8)
FNDA:0,(anonymous_9)
DA:8,5
DA:9,14
DA:10,14
DA:12,14
DA:13,14
DA:14,14
DA:17,0
DA:18,0
DA:19,0
DA:20,0
DA:21,0
DA:22,0
DA:25,0
DA:26,0
DA:27,0
DA:28,0
DA:31,0
DA:36,0
DA:37,0
DA:38,0
DA:39,0
DA:40,0
DA:41,0
DA:42,0
DA:43,0
DA:45,0
DA:46,0
DA:47,0
DA:51,0
DA:52,0
DA:53,0
DA:54,0
DA:57,0
DA:62,0
DA:63,0
DA:64,0
DA:65,0
DA:67,0
DA:68,0
DA:69,0
DA:70,0
DA:72,0
DA:73,0
DA:77,0
DA:78,0
DA:79,0
DA:82,0
DA:87,0
DA:88,0
DA:89,0
DA:90,0
DA:91,0
DA:92,0
DA:93,0
DA:94,0
DA:95,0
DA:99,0
DA:100,0
DA:101,0
DA:102,0
DA:105,0
DA:109,14
DA:120,5
DA:121,5
LF:64
LH:9
BRDA:26,0,0,0
BRDA:26,0,1,0
BRDA:26,0,2,0
BRDA:27,1,0,0
BRDA:27,1,1,0
BRDA:39,2,0,0
BRDA:41,3,0,0
BRDA:52,4,0,0
BRDA:52,4,1,0
BRDA:52,4,2,0
BRDA:53,5,0,0
BRDA:53,5,1,0
BRDA:65,6,0,0
BRDA:69,7,0,0
BRDA:78,8,0,0
BRDA:78,8,1,0
BRDA:78,8,2,0
BRDA:90,9,0,0
BRDA:100,10,0,0
BRDA:100,10,1,0
BRDA:100,10,2,0
BRDA:120,11,0,5
BRF:22
BRH:1
end_of_record
TN:
SF:src/types/category.type.ts
FNF:0
FNH:0
LF:0
LH:0
BRF:0
BRH:0
end_of_record
